error[E0433]: failed to resolve: you might be missing crate `core`
  --> ../rust-bitcoin/bitcoin/src/crypto/sighash.rs:15:5
   |
15 | use core::convert::Infallible;
   |     ^^^^
   |     |
   |     you might be missing crate `core`
   |     help: try using `std` instead of `core`: `std`

error[E0432]: unresolved import `core`
  --> ../rust-bitcoin/bitcoin/src/crypto/sighash.rs:16:5
   |
16 | use core::{fmt, str};
   |     ^^^^
   |     |
   |     you might be missing crate `core`
   |     help: try using `std` instead of `core`: `std`

error[E0432]: unresolved import `hashes`
  --> ../rust-bitcoin/bitcoin/src/crypto/sighash.rs:20:5
   |
20 | use hashes::{hash_newtype, sha256, sha256d, sha256t, sha256t_tag};
   |     ^^^^^^ use of unresolved module or unlinked crate `hashes`
   |
help: you might be missing a crate named `hashes`, add it to your project and import it in your code
   |
15 + extern crate hashes;
   |

error[E0432]: unresolved import `internals`
  --> ../rust-bitcoin/bitcoin/src/crypto/sighash.rs:21:5
   |
21 | use internals::write_err;
   |     ^^^^^^^^^ use of unresolved module or unlinked crate `internals`
   |
help: you might be missing a crate named `internals`, add it to your project and import it in your code
   |
15 + extern crate internals;
   |

error[E0432]: unresolved import `io`
  --> ../rust-bitcoin/bitcoin/src/crypto/sighash.rs:22:5
   |
22 | use io::Write;
   |     ^^
   |     |
   |     unresolved import
   |     help: a similar path exists: `std::io`

error[E0432]: unresolved import `crate::consensus`
  --> ../rust-bitcoin/bitcoin/src/crypto/sighash.rs:24:12
   |
24 | use crate::consensus::{encode, Encodable};
   |            ^^^^^^^^^ use of unresolved module or unlinked crate `consensus`
   |
help: you might be missing a crate named `consensus`, add it to your project and import it in your code
   |
15 + extern crate consensus;
   |

error[E0432]: unresolved import `crate::prelude`
  --> ../rust-bitcoin/bitcoin/src/crypto/sighash.rs:25:12
   |
25 | use crate::prelude::{Borrow, BorrowMut, String, ToOwned};
   |            ^^^^^^^
   |            |
   |            unresolved import
   |            help: a similar path exists: `std::prelude`

error[E0432]: unresolved import `crate::script`
  --> ../rust-bitcoin/bitcoin/src/crypto/sighash.rs:26:12
   |
26 | use crate::script::{ScriptExt as _, ScriptHashableTag};
   |            ^^^^^^ use of unresolved module or unlinked crate `script`
   |
help: you might be missing a crate named `script`, add it to your project and import it in your code
   |
15 + extern crate script;
   |

error[E0432]: unresolved import `crate::taproot`
  --> ../rust-bitcoin/bitcoin/src/crypto/sighash.rs:27:12
   |
27 | ...te::taproot::{LeafVersion, TapLeafHash, TapLeafTag, TAPROOT_ANNEX_PRE...
   |        ^^^^^^^ use of unresolved module or unlinked crate `taproot`
   |
help: you might be missing a crate named `taproot`, add it to your project and import it in your code
   |
15 + extern crate taproot;
   |

error[E0432]: unresolved import `crate::transaction`
  --> ../rust-bitcoin/bitcoin/src/crypto/sighash.rs:28:12
   |
28 | use crate::transaction::TransactionExt as _;
   |            ^^^^^^^^^^^ use of unresolved module or unlinked crate `transaction`
   |
help: you might be missing a crate named `transaction`, add it to your project and import it in your code
   |
15 + extern crate transaction;
   |

error[E0432]: unresolved import `crate::witness`
  --> ../rust-bitcoin/bitcoin/src/crypto/sighash.rs:29:12
   |
29 | use crate::witness::Witness;
   |            ^^^^^^^ use of unresolved module or unlinked crate `witness`
   |
help: you might be missing a crate named `witness`, add it to your project and import it in your code
   |
15 + extern crate witness;
   |

error[E0433]: failed to resolve: use of unresolved module or unlinked crate `consensus`
   --> ../rust-bitcoin/bitcoin/src/crypto/sighash.rs:973:24
    |
973 |             use crate::consensus::encode::WriteExt;
    |                        ^^^^^^^^^ use of unresolved module or unlinked crate `consensus`
    |
help: you might be missing a crate named `consensus`, add it to your project and import it in your code
    |
 15 + extern crate consensus;
    |

error[E0432]: unresolved imports `crate::transaction`, `crate::Amount`, `crate::ScriptPubKey`, `crate::Sequence`, `crate::TapScript`, `crate::Transaction`, `crate::TxOut`, `crate::WitnessScript`
  --> ../rust-bitcoin/bitcoin/src/crypto/sighash.rs:31:5
   |
31 |     transaction, Amount, ScriptPubKey, Sequence, TapScript, Transaction, TxOut, WitnessScript,
   |     ^^^^^^^^^^^  ^^^^^^  ^^^^^^^^^^^^  ^^^^^^^^  ^^^^^^^^^  ^^^^^^^^^^^  ^^^^^  ^^^^^^^^^^^^^ no `WitnessScript` in the root
   |     |            |       |             |         |          |            |
   |     |            |       |             |         |          |            no `TxOut` in the root
   |     |            |       |             |         |          no `Transaction` in the root
   |     |            |       |             |         no `TapScript` in the root
   |     |            |       |             no `Sequence` in the root
   |     |            |       no `ScriptPubKey` in the root
   |     |            no `Amount` in the root
   |     no `transaction` in the root

error[E0433]: failed to resolve: use of unresolved module or unlinked crate `hashes`
  --> ../rust-bitcoin/bitcoin/src/crypto/sighash.rs:63:1
   |
63 | hashes::impl_hex_for_newtype!(LegacySighash, SegwitV0Sighash);
   | ^^^^^^ use of unresolved module or unlinked crate `hashes`

error[E0433]: failed to resolve: use of unresolved module or unlinked crate `hashes`
  --> ../rust-bitcoin/bitcoin/src/crypto/sighash.rs:93:1
   |
93 | hashes::impl_hex_for_newtype!(TapSighash);
   | ^^^^^^ use of unresolved module or unlinked crate `hashes`

error[E0433]: failed to resolve: use of unresolved module or unlinked crate `script`
   --> ../rust-bitcoin/bitcoin/src/crypto/sighash.rs:878:32
    |
878 |         script_pubkey: &crate::script::Script<T>,
    |                                ^^^^^^ use of unresolved module or unlinked crate `script`
    |
help: you might be missing a crate named `script`, add it to your project and import it in your code
    |
 15 + extern crate script;
    |

error[E0433]: failed to resolve: use of unresolved module or unlinked crate `script`
   --> ../rust-bitcoin/bitcoin/src/crypto/sighash.rs:945:32
    |
945 |         script_pubkey: &crate::script::Script<T>,
    |                                ^^^^^^ use of unresolved module or unlinked crate `script`
    |
help: you might be missing a crate named `script`, add it to your project and import it in your code
    |
 15 + extern crate script;
    |

error[E0433]: failed to resolve: use of unresolved module or unlinked crate `script`
   --> ../rust-bitcoin/bitcoin/src/crypto/sighash.rs:970:36
    |
970 |             script_pubkey: &crate::script::Script<T>,
    |                                    ^^^^^^ use of unresolved module or unlinked crate `script`
    |
help: you might be missing a crate named `script`, add it to your project and import it in your code
    |
 15 + extern crate script;
    |

error[E0433]: failed to resolve: use of unresolved module or unlinked crate `script`
    --> ../rust-bitcoin/bitcoin/src/crypto/sighash.rs:1065:32
     |
1065 |         script_pubkey: &crate::script::Script<T>,
     |                                ^^^^^^ use of unresolved module or unlinked crate `script`
     |
help: you might be missing a crate named `script`, add it to your project and import it in your code
     |
  15 + extern crate script;
     |

error[E0425]: cannot find type `LegacySighash` in this scope
  --> ../rust-bitcoin/bitcoin/src/crypto/sighash.rs:67:25
   |
45 |         impl From<$ty> for secp256k1::Message {
   |                   --- due to this macro variable
...
67 | impl_message_from_hash!(LegacySighash);
   |                         ^^^^^^^^^^^^^ not found in this scope

error[E0425]: cannot find type `SegwitV0Sighash` in this scope
  --> ../rust-bitcoin/bitcoin/src/crypto/sighash.rs:68:25
   |
45 |         impl From<$ty> for secp256k1::Message {
   |                   --- due to this macro variable
...
68 | impl_message_from_hash!(SegwitV0Sighash);
   |                         ^^^^^^^^^^^^^^^ not found in this scope

error[E0425]: cannot find type `LegacySighash` in this scope
  --> ../rust-bitcoin/bitcoin/src/crypto/sighash.rs:73:6
   |
73 | impl LegacySighash {
   |      ^^^^^^^^^^^^^ not found in this scope

error[E0425]: cannot find type `SegwitV0Sighash` in this scope
  --> ../rust-bitcoin/bitcoin/src/crypto/sighash.rs:77:6
   |
77 | impl SegwitV0Sighash {
   |      ^^^^^^^^^^^^^^^ not found in this scope

error[E0425]: cannot find type `TapSighash` in this scope
   --> ../rust-bitcoin/bitcoin/src/crypto/sighash.rs:745:17
    |
745 |     ) -> Result<TapSighash, TaprootError> {
    |                 ^^^^^^^^^^ not found in this scope
    |
help: you might be missing a type parameter
    |
596 | impl<R: Borrow<Transaction>, TapSighash> SighashCache<R> {
    |                            ++++++++++++

error[E0425]: cannot find type `TapSighash` in this scope
   --> ../rust-bitcoin/bitcoin/src/crypto/sighash.rs:766:17
    |
766 |     ) -> Result<TapSighash, TaprootError> {
    |                 ^^^^^^^^^^ not found in this scope
    |
help: you might be missing a type parameter
    |
596 | impl<R: Borrow<Transaction>, TapSighash> SighashCache<R> {
    |                            ++++++++++++

error[E0425]: cannot find type `TapSighash` in this scope
   --> ../rust-bitcoin/bitcoin/src/crypto/sighash.rs:791:17
    |
791 |     ) -> Result<TapSighash, TaprootError> {
    |                 ^^^^^^^^^^ not found in this scope
    |
help: you might be missing a type parameter
    |
596 | impl<R: Borrow<Transaction>, TapSighash> SighashCache<R> {
    |                            ++++++++++++

error[E0425]: cannot find type `SegwitV0Sighash` in this scope
   --> ../rust-bitcoin/bitcoin/src/crypto/sighash.rs:881:17
    |
881 |     ) -> Result<SegwitV0Sighash, P2wpkhError> {
    |                 ^^^^^^^^^^^^^^^ not found in this scope
    |
help: you might be missing a type parameter
    |
596 | impl<R: Borrow<Transaction>, SegwitV0Sighash> SighashCache<R> {
    |                            +++++++++++++++++

error[E0425]: cannot find type `SegwitV0Sighash` in this scope
   --> ../rust-bitcoin/bitcoin/src/crypto/sighash.rs:906:17
    |
906 |     ) -> Result<SegwitV0Sighash, transaction::InputsIndexError> {
    |                 ^^^^^^^^^^^^^^^ not found in this scope
    |
help: you might be missing a type parameter
    |
596 | impl<R: Borrow<Transaction>, SegwitV0Sighash> SighashCache<R> {
    |                            +++++++++++++++++

error[E0433]: failed to resolve: use of unresolved module or unlinked crate `io`
   --> ../rust-bitcoin/bitcoin/src/crypto/sighash.rs:972:25
    |
972 |         ) -> Result<(), io::Error> {
    |                         ^^ use of unresolved module or unlinked crate `io`
    |
    = help: you might be missing a crate named `io`
help: a builtin type with a similar name exists
    |
972 -         ) -> Result<(), io::Error> {
972 +         ) -> Result<(), i8::Error> {
    |
help: consider importing this module
    |
 15 + use std::io;
    |

error[E0425]: cannot find type `LegacySighash` in this scope
    --> ../rust-bitcoin/bitcoin/src/crypto/sighash.rs:1067:17
     |
1067 |     ) -> Result<LegacySighash, transaction::InputsIndexError> {
     |                 ^^^^^^^^^^^^^ not found in this scope
     |
help: you might be missing a type parameter
     |
 596 | impl<R: Borrow<Transaction>, LegacySighash> SighashCache<R> {
     |                            +++++++++++++++

error[E0433]: failed to resolve: use of unresolved module or unlinked crate `io`
    --> ../rust-bitcoin/bitcoin/src/crypto/sighash.rs:1192:79
     |
1192 | ...<usize, io::Error> {
     |            ^^ use of unresolved module or unlinked crate `io`
     |
     = help: you might be missing a crate named `io`
help: a builtin type with a similar name exists
     |
1192 -     fn consensus_encode<W: Write + ?Sized>(&self, w: &mut W) -> Result<usize, io::Error> {
1192 +     fn consensus_encode<W: Write + ?Sized>(&self, w: &mut W) -> Result<usize, i8::Error> {
     |
help: consider importing this module
     |
  15 + use std::io;
     |

error[E0433]: failed to resolve: use of unresolved module or unlinked crate `io`
    --> ../rust-bitcoin/bitcoin/src/crypto/sighash.rs:1438:8
     |
1438 |     Io(io::Error),
     |        ^^ use of unresolved module or unlinked crate `io`
     |
     = help: you might be missing a crate named `io`
help: a builtin type with a similar name exists
     |
1438 -     Io(io::Error),
1438 +     Io(i8::Error),
     |
help: consider importing this module
     |
  15 + use std::io;
     |

error[E0433]: failed to resolve: use of unresolved module or unlinked crate `io`
    --> ../rust-bitcoin/bitcoin/src/crypto/sighash.rs:1463:14
     |
1463 | impl<E> From<io::Error> for SigningDataError<E> {
     |              ^^ use of unresolved module or unlinked crate `io`
     |
     = help: you might be missing a crate named `io`
help: a builtin type with a similar name exists
     |
1463 - impl<E> From<io::Error> for SigningDataError<E> {
1463 + impl<E> From<i8::Error> for SigningDataError<E> {
     |
help: consider importing this module
     |
  15 + use std::io;
     |

error[E0433]: failed to resolve: use of unresolved module or unlinked crate `io`
    --> ../rust-bitcoin/bitcoin/src/crypto/sighash.rs:1464:20
     |
1464 |     fn from(value: io::Error) -> Self { Self::Io(value) }
     |                    ^^ use of unresolved module or unlinked crate `io`
     |
     = help: you might be missing a crate named `io`
help: a builtin type with a similar name exists
     |
1464 -     fn from(value: io::Error) -> Self { Self::Io(value) }
1464 +     fn from(value: i8::Error) -> Self { Self::Io(value) }
     |
help: consider importing this module
     |
  15 + use std::io;
     |

error[E0433]: failed to resolve: use of unresolved module or unlinked crate `secp256k1`
  --> ../rust-bitcoin/bitcoin/src/crypto/sighash.rs:45:28
   |
45 |         impl From<$ty> for secp256k1::Message {
   |                            ^^^^^^^^^ use of unresolved module or unlinked crate `secp256k1`
...
67 | impl_message_from_hash!(LegacySighash);
   | -------------------------------------- in this macro invocation
   |
   = help: you might be missing a crate named `secp256k1`
   = note: this error originates in the macro `impl_message_from_hash` (in Nightly builds, run with -Z macro-backtrace for more info)

error[E0433]: failed to resolve: use of unresolved module or unlinked crate `secp256k1`
  --> ../rust-bitcoin/bitcoin/src/crypto/sighash.rs:46:35
   |
46 |             fn from(hash: $ty) -> secp256k1::Message {
   |                                   ^^^^^^^^^ use of unresolved module or unlinked crate `secp256k1`
...
67 | impl_message_from_hash!(LegacySighash);
   | -------------------------------------- in this macro invocation
   |
   = help: you might be missing a crate named `secp256k1`
   = note: this error originates in the macro `impl_message_from_hash` (in Nightly builds, run with -Z macro-backtrace for more info)

error[E0433]: failed to resolve: use of unresolved module or unlinked crate `secp256k1`
  --> ../rust-bitcoin/bitcoin/src/crypto/sighash.rs:45:28
   |
45 |         impl From<$ty> for secp256k1::Message {
   |                            ^^^^^^^^^ use of unresolved module or unlinked crate `secp256k1`
...
68 | impl_message_from_hash!(SegwitV0Sighash);
   | ---------------------------------------- in this macro invocation
   |
   = help: you might be missing a crate named `secp256k1`
   = note: this error originates in the macro `impl_message_from_hash` (in Nightly builds, run with -Z macro-backtrace for more info)

error[E0433]: failed to resolve: use of unresolved module or unlinked crate `secp256k1`
  --> ../rust-bitcoin/bitcoin/src/crypto/sighash.rs:46:35
   |
46 |             fn from(hash: $ty) -> secp256k1::Message {
   |                                   ^^^^^^^^^ use of unresolved module or unlinked crate `secp256k1`
...
68 | impl_message_from_hash!(SegwitV0Sighash);
   | ---------------------------------------- in this macro invocation
   |
   = help: you might be missing a crate named `secp256k1`
   = note: this error originates in the macro `impl_message_from_hash` (in Nightly builds, run with -Z macro-backtrace for more info)

error: aborting due to 38 previous errors

Some errors have detailed explanations: E0425, E0432, E0433.
For more information about an error, try `rustc --explain E0425`.
