error[E0259]: the name `core` is defined multiple times
  --> ../rust-bitcoin/hashes/src/lib.rs:70:1
   |
70 | extern crate core;
   | ^^^^^^^^^^^^^^^^^^ `core` reimported here
   |
   = note: `core` must be defined only once in the type namespace of this module
help: you can use `as` to change the binding name of the import
   |
70 | extern crate core as other_core;
   |                   +++++++++++++

error[E0432]: unresolved import `hash_trait_impls`
  --> ../rust-bitcoin/hashes/src/internal_macros.rs:43:16
   |
43 | pub(crate) use hash_trait_impls;
   |                ^^^^^^^^^^^^^^^^ no `hash_trait_impls` in the root

error[E0432]: unresolved import `general_hash_type`
   --> ../rust-bitcoin/hashes/src/internal_macros.rs:106:16
    |
106 | pub(crate) use general_hash_type;
    |                ^^^^^^^^^^^^^^^^^ no `general_hash_type` in the root

error[E0432]: unresolved import `hash_type_no_default`
   --> ../rust-bitcoin/hashes/src/internal_macros.rs:149:16
    |
149 | pub(crate) use hash_type_no_default;
    |                ^^^^^^^^^^^^^^^^^^^^ no `hash_type_no_default` in the root

error[E0432]: unresolved import `impl_write`
   --> ../rust-bitcoin/hashes/src/internal_macros.rs:168:16
    |
168 | pub(crate) use impl_write;
    |                ^^^^^^^^^^ no `impl_write` in the root

error[E0433]: failed to resolve: use of unresolved module or unlinked crate `internals`
  --> ../rust-bitcoin/hashes/src/ripemd160/mod.rs:5:5
   |
 5 | use internals::slice::SliceExt;
   |     ^^^^^^^^^ use of unresolved module or unlinked crate `internals`
   |
help: you might be missing a crate named `internals`, add it to your project and import it in your code
  --> ../rust-bitcoin/hashes/src/lib.rs:67:1
   |
67 + extern crate internals;
   |

error[E0433]: failed to resolve: use of unresolved module or unlinked crate `internals`
  --> ../rust-bitcoin/hashes/src/ripemd160/crypto.rs:3:5
   |
 3 | use internals::slice::SliceExt;
   |     ^^^^^^^^^ use of unresolved module or unlinked crate `internals`
   |
help: you might be missing a crate named `internals`, add it to your project and import it in your code
  --> ../rust-bitcoin/hashes/src/lib.rs:67:1
   |
67 + extern crate internals;
   |

error[E0433]: failed to resolve: use of unresolved module or unlinked crate `internals`
  --> ../rust-bitcoin/hashes/src/sha1/mod.rs:5:5
   |
 5 | use internals::slice::SliceExt;
   |     ^^^^^^^^^ use of unresolved module or unlinked crate `internals`
   |
help: you might be missing a crate named `internals`, add it to your project and import it in your code
  --> ../rust-bitcoin/hashes/src/lib.rs:67:1
   |
67 + extern crate internals;
   |

error[E0433]: failed to resolve: use of unresolved module or unlinked crate `internals`
  --> ../rust-bitcoin/hashes/src/sha1/crypto.rs:3:5
   |
 3 | use internals::slice::SliceExt;
   |     ^^^^^^^^^ use of unresolved module or unlinked crate `internals`
   |
help: you might be missing a crate named `internals`, add it to your project and import it in your code
  --> ../rust-bitcoin/hashes/src/lib.rs:67:1
   |
67 + extern crate internals;
   |

error[E0433]: failed to resolve: use of unresolved module or unlinked crate `internals`
  --> ../rust-bitcoin/hashes/src/sha256/crypto.rs:8:5
   |
 8 | use internals::slice::SliceExt;
   |     ^^^^^^^^^ use of unresolved module or unlinked crate `internals`
   |
help: you might be missing a crate named `internals`, add it to your project and import it in your code
  --> ../rust-bitcoin/hashes/src/lib.rs:67:1
   |
67 + extern crate internals;
   |

error[E0433]: failed to resolve: use of unresolved module or unlinked crate `internals`
  --> ../rust-bitcoin/hashes/src/sha256/mod.rs:11:5
   |
11 | use internals::slice::SliceExt;
   |     ^^^^^^^^^ use of unresolved module or unlinked crate `internals`
   |
help: you might be missing a crate named `internals`, add it to your project and import it in your code
  --> ../rust-bitcoin/hashes/src/lib.rs:67:1
   |
67 + extern crate internals;
   |

error[E0433]: failed to resolve: use of unresolved module or unlinked crate `internals`
  --> ../rust-bitcoin/hashes/src/sha512/mod.rs:5:5
   |
 5 | use internals::slice::SliceExt;
   |     ^^^^^^^^^ use of unresolved module or unlinked crate `internals`
   |
help: you might be missing a crate named `internals`, add it to your project and import it in your code
  --> ../rust-bitcoin/hashes/src/lib.rs:67:1
   |
67 + extern crate internals;
   |

error[E0433]: failed to resolve: use of unresolved module or unlinked crate `internals`
  --> ../rust-bitcoin/hashes/src/sha512/crypto.rs:3:5
   |
 3 | use internals::slice::SliceExt;
   |     ^^^^^^^^^ use of unresolved module or unlinked crate `internals`
   |
help: you might be missing a crate named `internals`, add it to your project and import it in your code
  --> ../rust-bitcoin/hashes/src/lib.rs:67:1
   |
67 + extern crate internals;
   |

error[E0432]: unresolved import `engine_input_impl`
   --> ../rust-bitcoin/hashes/src/internal_macros.rs:199:16
    |
199 | pub(crate) use engine_input_impl;
    |                ^^^^^^^^^^^^^^^^^ no `engine_input_impl` in the root

error[E0432]: unresolved import `encoding`
   --> ../rust-bitcoin/hashes/src/lib.rs:116:5
    |
116 | use encoding::Encoder;
    |     ^^^^^^^^ use of unresolved module or unlinked crate `encoding`
    |
help: you might be missing a crate named `encoding`, add it to your project and import it in your code
    |
 67 + extern crate encoding;
    |

error[E0432]: unresolved import `hash160::Hash`
   --> ../rust-bitcoin/hashes/src/lib.rs:126:9
    |
126 | pub use hash160::Hash as Hash160;
    |         ^^^^^^^^^^^^^^^^^^^^^^^^ no `Hash` in `hash160`
    |
help: consider importing this trait instead
    |
126 - pub use hash160::Hash as Hash160;
126 + pub use hash::Hash as Hash160;
    |

error[E0432]: unresolved import `ripemd160::Hash`
   --> ../rust-bitcoin/hashes/src/lib.rs:129:9
    |
129 | pub use ripemd160::Hash as Ripemd160;
    |         ^^^^^^^^^^^^^^^^^^^^^^^^^^^^ no `Hash` in `ripemd160`
    |
help: consider importing this trait instead
    |
129 - pub use ripemd160::Hash as Ripemd160;
129 + pub use hash::Hash as Ripemd160;
    |

error[E0432]: unresolved import `sha1::Hash`
   --> ../rust-bitcoin/hashes/src/lib.rs:132:9
    |
132 | pub use sha1::Hash as Sha1;
    |         ^^^^^^^^^^^^^^^^^^ no `Hash` in `sha1`
    |
help: consider importing this trait instead
    |
132 - pub use sha1::Hash as Sha1;
132 + pub use hash::Hash as Sha1;
    |

error[E0432]: unresolved import `sha256::Hash`
   --> ../rust-bitcoin/hashes/src/lib.rs:135:9
    |
135 | pub use sha256::Hash as Sha256;
    |         ^^^^^^^^^^^^^^^^^^^^^^ no `Hash` in `sha256`
    |
help: consider importing this trait instead
    |
135 - pub use sha256::Hash as Sha256;
135 + pub use hash::Hash as Sha256;
    |

error[E0432]: unresolved import `sha256d::Hash`
   --> ../rust-bitcoin/hashes/src/lib.rs:138:9
    |
138 | pub use sha256d::Hash as Sha256d;
    |         ^^^^^^^^^^^^^^^^^^^^^^^^ no `Hash` in `sha256d`
    |
help: consider importing this trait instead
    |
138 - pub use sha256d::Hash as Sha256d;
138 + pub use hash::Hash as Sha256d;
    |

error[E0432]: unresolved import `sha384::Hash`
   --> ../rust-bitcoin/hashes/src/lib.rs:141:9
    |
141 | pub use sha384::Hash as Sha384;
    |         ^^^^^^^^^^^^^^^^^^^^^^ no `Hash` in `sha384`
    |
help: consider importing this trait instead
    |
141 - pub use sha384::Hash as Sha384;
141 + pub use hash::Hash as Sha384;
    |

error[E0432]: unresolved import `sha3_256::Hash`
   --> ../rust-bitcoin/hashes/src/lib.rs:143:9
    |
143 | pub use sha3_256::Hash as Sha3_256;
    |         ^^^^^^^^^^^^^^^^^^^^^^^^^^ no `Hash` in `sha3_256`
    |
help: consider importing this trait instead
    |
143 - pub use sha3_256::Hash as Sha3_256;
143 + pub use hash::Hash as Sha3_256;
    |

error[E0432]: unresolved import `sha512::Hash`
   --> ../rust-bitcoin/hashes/src/lib.rs:146:9
    |
146 | pub use sha512::Hash as Sha512;
    |         ^^^^^^^^^^^^^^^^^^^^^^ no `Hash` in `sha512`
    |
help: consider importing this trait instead
    |
146 - pub use sha512::Hash as Sha512;
146 + pub use hash::Hash as Sha512;
    |

error[E0432]: unresolved import `sha512_256::Hash`
   --> ../rust-bitcoin/hashes/src/lib.rs:149:9
    |
149 | pub use sha512_256::Hash as Sha512_256;
    |         ^^^^^^^^^^^^^^^^^^^^^^^^^^^^^^ no `Hash` in `sha512_256`
    |
help: consider importing this trait instead
    |
149 - pub use sha512_256::Hash as Sha512_256;
149 + pub use hash::Hash as Sha512_256;
    |

error[E0432]: unresolved import `siphash24::Hash`
   --> ../rust-bitcoin/hashes/src/lib.rs:152:9
    |
152 | pub use siphash24::Hash as Siphash24;
    |         ^^^^^^^^^^^^^^^^^^^^^^^^^^^^ no `Hash` in `siphash24`
    |
help: consider importing this trait instead
    |
152 - pub use siphash24::Hash as Siphash24;
152 + pub use hash::Hash as Siphash24;
    |

error[E0433]: failed to resolve: use of unresolved module or unlinked crate `internals`
  --> ../rust-bitcoin/hashes/src/sha256t/mod.rs:46:1
   |
46 | internals::transparent_newtype! {
   | ^^^^^^^^^ use of unresolved module or unlinked crate `internals`

error[E0573]: expected type, found derive macro `Hash`
  --> ../rust-bitcoin/hashes/src/hash160/mod.rs:18:6
   |
18 | impl Hash {
   |      ^^^^ not a type
   |
help: consider importing one of these traits instead
   |
10 + use Hash;
   |
10 + use hash::Hash;
   |

error[E0573]: expected type, found derive macro `Hash`
  --> ../rust-bitcoin/hashes/src/hash160/mod.rs:44:17
   |
44 |     type Hash = Hash;
   |                 ^^^^
   |
help: you might have meant to use the associated type
   |
44 |     type Hash = Self::Hash;
   |                 ++++++
help: consider importing one of these traits instead
   |
10 + use Hash;
   |
10 + use hash::Hash;
   |

error[E0573]: expected type, found derive macro `Hash`
  --> ../rust-bitcoin/hashes/src/ripemd160/mod.rs:20:6
   |
20 | impl Hash {
   |      ^^^^ not a type
   |
help: consider importing one of these traits instead
   |
 5 + use Hash;
   |
 5 + use hash::Hash;
   |

error[E0573]: expected type, found derive macro `Hash`
  --> ../rust-bitcoin/hashes/src/ripemd160/mod.rs:93:17
   |
93 |     type Hash = Hash;
   |                 ^^^^
   |
help: you might have meant to use the associated type
   |
93 |     type Hash = Self::Hash;
   |                 ++++++
help: consider importing one of these traits instead
   |
 5 + use Hash;
   |
 5 + use hash::Hash;
   |

error[E0573]: expected type, found derive macro `Hash`
  --> ../rust-bitcoin/hashes/src/sha1/mod.rs:20:6
   |
20 | impl Hash {
   |      ^^^^ not a type
   |
help: consider importing one of these traits instead
   |
 5 + use Hash;
   |
 5 + use hash::Hash;
   |

error[E0573]: expected type, found derive macro `Hash`
  --> ../rust-bitcoin/hashes/src/sha1/mod.rs:84:17
   |
84 |     type Hash = Hash;
   |                 ^^^^
   |
help: you might have meant to use the associated type
   |
84 |     type Hash = Self::Hash;
   |                 ++++++
help: consider importing one of these traits instead
   |
 5 + use Hash;
   |
 5 + use hash::Hash;
   |

error[E0573]: expected type, found derive macro `Hash`
   --> ../rust-bitcoin/hashes/src/sha256/mod.rs:101:17
    |
101 |     type Hash = Hash;
    |                 ^^^^
    |
help: you might have meant to use the associated type
    |
101 |     type Hash = Self::Hash;
    |                 ++++++
help: consider importing one of these traits instead
    |
  9 + use Hash;
    |
  9 + use hash::Hash;
    |

error[E0573]: expected type, found derive macro `Hash`
   --> ../rust-bitcoin/hashes/src/sha256/mod.rs:110:6
    |
110 | impl Hash {
    |      ^^^^ not a type
    |
help: consider importing one of these traits instead
    |
  9 + use Hash;
    |
  9 + use hash::Hash;
    |

error[E0425]: cannot find type `Hash` in module `sha256d`
   --> ../rust-bitcoin/hashes/src/sha256/mod.rs:146:42
    |
146 |     pub fn hash_again(&self) -> sha256d::Hash { sha256d::Hash::from_byt...
    |                                          ^^^^ not found in `sha256d`
    |
help: consider importing one of these traits
    |
  9 + use Hash;
    |
  9 + use hash::Hash;
    |
help: if you import `Hash`, refer to it directly
    |
146 -     pub fn hash_again(&self) -> sha256d::Hash { sha256d::Hash::from_byte_array(hash(&self.0).0) }
146 +     pub fn hash_again(&self) -> Hash { sha256d::Hash::from_byte_array(hash(&self.0).0) }
    |

error[E0573]: expected type, found derive macro `Hash`
  --> ../rust-bitcoin/hashes/src/sha256d/mod.rs:13:6
   |
13 | impl Hash {
   |      ^^^^ not a type
   |
help: consider importing one of these traits instead
   |
 5 + use Hash;
   |
 5 + use hash::Hash;
   |

error[E0573]: expected type, found derive macro `Hash`
  --> ../rust-bitcoin/hashes/src/sha256d/mod.rs:39:17
   |
39 |     type Hash = Hash;
   |                 ^^^^
   |
help: you might have meant to use the associated type
   |
39 |     type Hash = Self::Hash;
   |                 ++++++
help: consider importing one of these traits instead
   |
 5 + use Hash;
   |
 5 + use hash::Hash;
   |

error[E0573]: expected type, found derive macro `Hash`
  --> ../rust-bitcoin/hashes/src/sha256t/mod.rs:13:32
   |
13 | pub fn hash<T>(data: &[u8]) -> Hash<T>
   |                                ^^^^^^^ not a type
   |
help: consider importing one of these traits instead
   |
 5 + use Hash;
   |
 5 + use hash::Hash;
   |

error[E0573]: expected type, found derive macro `Hash`
  --> ../rust-bitcoin/hashes/src/sha256t/mod.rs:25:53
   |
25 | pub fn hash_byte_chunks<B, I, T>(byte_slices: I) -> Hash<T>
   |                                                     ^^^^^^^ not a type
   |
help: consider importing one of these traits instead
   |
 5 + use Hash;
   |
 5 + use hash::Hash;
   |

error[E0573]: expected type, found derive macro `Hash`
  --> ../rust-bitcoin/hashes/src/sha256t/mod.rs:61:9
   |
61 | impl<T> Hash<T>
   |         ^^^^^^^ not a type
   |
help: consider importing one of these traits instead
   |
 5 + use Hash;
   |
 5 + use hash::Hash;
   |

error[E0573]: expected type, found derive macro `Hash`
   --> ../rust-bitcoin/hashes/src/sha256t/mod.rs:106:23
    |
106 | impl<T: Tag> Copy for Hash<T> {}
    |                       ^^^^^^^ not a type
    |
help: consider importing one of these traits instead
    |
  5 + use Hash;
    |
  5 + use hash::Hash;
    |

error[E0573]: expected type, found derive macro `Hash`
   --> ../rust-bitcoin/hashes/src/sha256t/mod.rs:107:24
    |
107 | impl<T: Tag> Clone for Hash<T> {
    |                        ^^^^^^^ not a type
    |
help: consider importing one of these traits instead
    |
  5 + use Hash;
    |
  5 + use hash::Hash;
    |

error[E0573]: expected type, found derive macro `Hash`
   --> ../rust-bitcoin/hashes/src/sha256t/mod.rs:110:28
    |
110 | impl<T: Tag> PartialEq for Hash<T> {
    |                            ^^^^^^^ not a type
    |
help: consider importing one of these traits instead
    |
  5 + use Hash;
    |
  5 + use hash::Hash;
    |

error[E0573]: expected type, found derive macro `Hash`
   --> ../rust-bitcoin/hashes/src/sha256t/mod.rs:113:21
    |
113 | impl<T: Tag> Eq for Hash<T> {}
    |                     ^^^^^^^ not a type
    |
help: consider importing one of these traits instead
    |
  5 + use Hash;
    |
  5 + use hash::Hash;
    |

error[E0573]: expected type, found derive macro `Hash`
   --> ../rust-bitcoin/hashes/src/sha256t/mod.rs:114:29
    |
114 | impl<T: Tag> PartialOrd for Hash<T> {
    |                             ^^^^^^^ not a type
    |
help: consider importing one of these traits instead
    |
  5 + use Hash;
    |
  5 + use hash::Hash;
    |

error[E0573]: expected type, found derive macro `Hash`
   --> ../rust-bitcoin/hashes/src/sha256t/mod.rs:119:22
    |
119 | impl<T: Tag> Ord for Hash<T> {
    |                      ^^^^^^^ not a type
    |
help: consider importing one of these traits instead
    |
  5 + use Hash;
    |
  5 + use hash::Hash;
    |

error[E0573]: expected type, found derive macro `Hash`
   --> ../rust-bitcoin/hashes/src/sha256t/mod.rs:124:35
    |
124 | impl<T: Tag> core::hash::Hash for Hash<T> {
    |                                   ^^^^^^^ not a type
    |
help: consider importing one of these traits instead
    |
  5 + use Hash;
    |
  5 + use hash::Hash;
    |

error[E0573]: expected type, found derive macro `Hash`
   --> ../rust-bitcoin/hashes/src/sha256t/mod.rs:146:17
    |
146 |     type Hash = Hash<T>;
    |                 ^^^^^^^
    |
help: you might have meant to use the associated type
    |
146 |     type Hash = Self::Hash<T>;
    |                 ++++++
help: consider importing one of these traits instead
    |
  5 + use Hash;
    |
  5 + use hash::Hash;
    |

error[E0573]: expected type, found derive macro `Hash`
  --> ../rust-bitcoin/hashes/src/sha384/mod.rs:13:6
   |
13 | impl Hash {
   |      ^^^^ not a type
   |
help: consider importing one of these traits instead
   |
 5 + use Hash;
   |
 5 + use hash::Hash;
   |

error[E0573]: expected type, found derive macro `Hash`
  --> ../rust-bitcoin/hashes/src/sha384/mod.rs:36:17
   |
36 |     type Hash = Hash;
   |                 ^^^^
   |
help: you might have meant to use the associated type
   |
36 |     type Hash = Self::Hash;
   |                 ++++++
help: consider importing one of these traits instead
   |
 5 + use Hash;
   |
 5 + use hash::Hash;
   |

error[E0573]: expected type, found derive macro `Hash`
   --> ../rust-bitcoin/hashes/src/sha3_256/mod.rs:191:17
    |
191 |     type Hash = Hash;
    |                 ^^^^
    |
help: you might have meant to use the associated type
    |
191 |     type Hash = Self::Hash;
    |                 ++++++
help: consider importing one of these traits instead
    |
 21 + use Hash;
    |
 21 + use hash::Hash;
    |

error[E0573]: expected type, found derive macro `Hash`
  --> ../rust-bitcoin/hashes/src/sha512/mod.rs:21:6
   |
21 | impl Hash {
   |      ^^^^ not a type
   |
help: consider importing one of these traits instead
   |
 5 + use Hash;
   |
 5 + use hash::Hash;
   |

error[E0573]: expected type, found derive macro `Hash`
   --> ../rust-bitcoin/hashes/src/sha512/mod.rs:127:17
    |
127 |     type Hash = Hash;
    |                 ^^^^
    |
help: you might have meant to use the associated type
    |
127 |     type Hash = Self::Hash;
    |                 ++++++
help: consider importing one of these traits instead
    |
  5 + use Hash;
    |
  5 + use hash::Hash;
    |

error[E0573]: expected type, found derive macro `Hash`
  --> ../rust-bitcoin/hashes/src/sha512_256/mod.rs:18:6
   |
18 | impl Hash {
   |      ^^^^ not a type
   |
help: consider importing one of these traits instead
   |
10 + use Hash;
   |
10 + use hash::Hash;
   |

error[E0573]: expected type, found derive macro `Hash`
  --> ../rust-bitcoin/hashes/src/sha512_256/mod.rs:46:17
   |
46 |     type Hash = Hash;
   |                 ^^^^
   |
help: you might have meant to use the associated type
   |
46 |     type Hash = Self::Hash;
   |                 ++++++
help: consider importing one of these traits instead
   |
10 + use Hash;
   |
10 + use hash::Hash;
   |

error[E0573]: expected type, found derive macro `Hash`
   --> ../rust-bitcoin/hashes/src/siphash24/mod.rs:115:17
    |
115 |     type Hash = Hash;
    |                 ^^^^
    |
help: you might have meant to use the associated type
    |
115 |     type Hash = Self::Hash;
    |                 ++++++
help: consider importing one of these traits instead
    |
  5 + use Hash;
    |
  5 + use hash::Hash;
    |

error[E0573]: expected type, found derive macro `Hash`
   --> ../rust-bitcoin/hashes/src/siphash24/mod.rs:165:6
    |
165 | impl Hash {
    |      ^^^^ not a type
    |
help: consider importing one of these traits instead
    |
  5 + use Hash;
    |
  5 + use hash::Hash;
    |

error[E0425]: cannot find type `Hash` in module `sha256t`
   --> ../rust-bitcoin/hashes/src/lib.rs:155:32
    |
155 | pub type Sha256t<T> = sha256t::Hash<T>;
    |                                ^^^^ not found in `sha256t`
    |
help: consider importing this trait
    |
113 + use hash::Hash;
    |
help: if you import `Hash`, refer to it directly
    |
155 - pub type Sha256t<T> = sha256t::Hash<T>;
155 + pub type Sha256t<T> = Hash<T>;
    |

error[E0425]: cannot find type `Hash` in module `sha256`
   --> ../rust-bitcoin/hashes/src/lib.rs:158:36
    |
158 | pub type HmacSha256 = Hmac<sha256::Hash>;
    |                                    ^^^^ not found in `sha256`
    |
help: consider importing this trait
    |
113 + use hash::Hash;
    |
help: if you import `Hash`, refer to it directly
    |
158 - pub type HmacSha256 = Hmac<sha256::Hash>;
158 + pub type HmacSha256 = Hmac<Hash>;
    |

error[E0425]: cannot find type `Hash` in module `sha512`
   --> ../rust-bitcoin/hashes/src/lib.rs:161:36
    |
161 | pub type HmacSha512 = Hmac<sha512::Hash>;
    |                                    ^^^^ not found in `sha512`
    |
help: consider importing this trait
    |
113 + use hash::Hash;
    |
help: if you import `Hash`, refer to it directly
    |
161 - pub type HmacSha512 = Hmac<sha512::Hash>;
161 + pub type HmacSha512 = Hmac<Hash>;
    |

error[E0425]: cannot find type `Hash` in module `sha256`
   --> ../rust-bitcoin/hashes/src/lib.rs:164:36
    |
164 | pub type HkdfSha256 = Hkdf<sha256::Hash>;
    |                                    ^^^^ not found in `sha256`
    |
help: consider importing this trait
    |
113 + use hash::Hash;
    |
help: if you import `Hash`, refer to it directly
    |
164 - pub type HkdfSha256 = Hkdf<sha256::Hash>;
164 + pub type HkdfSha256 = Hkdf<Hash>;
    |

error[E0425]: cannot find type `Hash` in module `sha512`
   --> ../rust-bitcoin/hashes/src/lib.rs:167:36
    |
167 | pub type HkdfSha512 = Hkdf<sha512::Hash>;
    |                                    ^^^^ not found in `sha512`
    |
help: consider importing this trait
    |
113 + use hash::Hash;
    |
help: if you import `Hash`, refer to it directly
    |
167 - pub type HkdfSha512 = Hkdf<sha512::Hash>;
167 + pub type HkdfSha512 = Hkdf<Hash>;
    |

error[E0206]: the trait `Copy` cannot be implemented for this type
   --> ../rust-bitcoin/hashes/src/sha256t/mod.rs:106:23
    |
106 | impl<T: Tag> Copy for Hash<T> {}
    |                       ^^^^^^^ type is not a structure or enumeration

error[E0046]: not all trait items implemented, missing: `input`
   --> ../rust-bitcoin/hashes/src/ripemd160/mod.rs:92:1
    |
 92 | impl crate::HashEngine for HashEngine {
    | ^^^^^^^^^^^^^^^^^^^^^^^^^^^^^^^^^^^^^ missing `input` in implementation
    |
   ::: ../rust-bitcoin/hashes/src/lib.rs:184:5
    |
184 |     fn input(&mut self, data: &[u8]);
    |     --------------------------------- `input` from trait

error[E0046]: not all trait items implemented, missing: `input`
   --> ../rust-bitcoin/hashes/src/sha1/mod.rs:83:1
    |
 83 | impl crate::HashEngine for HashEngine {
    | ^^^^^^^^^^^^^^^^^^^^^^^^^^^^^^^^^^^^^ missing `input` in implementation
    |
   ::: ../rust-bitcoin/hashes/src/lib.rs:184:5
    |
184 |     fn input(&mut self, data: &[u8]);
    |     --------------------------------- `input` from trait

error[E0046]: not all trait items implemented, missing: `input`
   --> ../rust-bitcoin/hashes/src/sha256/mod.rs:100:1
    |
100 | impl crate::HashEngine for HashEngine {
    | ^^^^^^^^^^^^^^^^^^^^^^^^^^^^^^^^^^^^^ missing `input` in implementation
    |
   ::: ../rust-bitcoin/hashes/src/lib.rs:184:5
    |
184 |     fn input(&mut self, data: &[u8]);
    |     --------------------------------- `input` from trait

error[E0046]: not all trait items implemented, missing: `input`
   --> ../rust-bitcoin/hashes/src/sha512/mod.rs:126:1
    |
126 | impl crate::HashEngine for HashEngine {
    | ^^^^^^^^^^^^^^^^^^^^^^^^^^^^^^^^^^^^^ missing `input` in implementation
    |
   ::: ../rust-bitcoin/hashes/src/lib.rs:184:5
    |
184 |     fn input(&mut self, data: &[u8]);
    |     --------------------------------- `input` from trait

error[E0433]: failed to resolve: use of unresolved module or unlinked crate `encoding`
   --> ../rust-bitcoin/hashes/src/lib.rs:199:8
    |
199 |     T: encoding::Encodable + ?Sized,
    |        ^^^^^^^^ use of unresolved module or unlinked crate `encoding`
    |
    = help: you might be missing a crate named `encoding`

error: aborting due to 68 previous errors

Some errors have detailed explanations: E0046, E0206, E0259, E0425, E0432, E0433, E0573.
For more information about an error, try `rustc --explain E0046`.
