error[E0433]: failed to resolve: use of unresolved module or unlinked crate `blockdata`
  --> ../rust-bitcoin/bitcoin/src/blockdata/script/builder.rs:76:19
   |
76 |     pub(in crate::blockdata) fn push_int_non_minimal(mut self, data: i64...
   |                   ^^^^^^^^^ use of unresolved module or unlinked crate `blockdata`
   |
help: you might be missing a crate named `blockdata`, add it to your project and import it in your code
  --> ../rust-bitcoin/bitcoin/src/blockdata/script/mod.rs:48:1
   |
48 + extern crate blockdata;
   |

error[E0433]: failed to resolve: use of unresolved module or unlinked crate `opcodes`
  --> ../rust-bitcoin/bitcoin/src/blockdata/script/mod.rs:67:12
   |
67 | use crate::opcodes::all::*;
   |            ^^^^^^^ use of unresolved module or unlinked crate `opcodes`
   |
help: you might be missing a crate named `opcodes`, add it to your project and import it in your code
   |
48 + extern crate opcodes;
   |

error[E0432]: unresolved import `self::borrowed::ScriptExtPriv`
  --> ../rust-bitcoin/bitcoin/src/blockdata/script/mod.rs:89:16
   |
89 | pub(crate) use self::borrowed::ScriptExtPriv;
   |                ^^^^^^^^^^^^^^^^^^^^^^^^^^^^^ no `ScriptExtPriv` in `borrowed`

error[E0432]: unresolved import `self::owned::ScriptBufExtPriv`
  --> ../rust-bitcoin/bitcoin/src/blockdata/script/mod.rs:90:16
   |
90 | pub(crate) use self::owned::ScriptBufExtPriv;
   |                ^^^^^^^^^^^^^^^^^^^^^^^^^^^^^ no `ScriptBufExtPriv` in `owned`

error[E0432]: unresolved import `self::primitive::PushBytes`
  --> ../rust-bitcoin/bitcoin/src/blockdata/script/push_bytes.rs:15:27
   |
15 | pub use self::primitive::{PushBytes, PushBytesBuf};
   |                           ^^^^^^^^^
   |                           |
   |                           no `PushBytes` in `push_bytes::primitive`
   |                           help: a similar name exists in the module: `PushBytesBuf`
   |
   = help: consider importing this variant instead:
           Instruction::PushBytes

error[E0432]: unresolved imports `self::borrowed::ScriptExt`, `self::borrowed::TapScriptExt`, `self::borrowed::ScriptPubKeyExt`, `self::borrowed::WitnessScriptExt`, `self::borrowed::ScriptSigExt`, `self::owned::ScriptBufExt`, `self::owned::ScriptPubKeyBufExt`
  --> ../rust-bitcoin/bitcoin/src/blockdata/script/mod.rs:75:16
   |
75 | ...wed::{ScriptExt, TapScriptExt, ScriptPubKeyExt, WitnessScriptExt, ScriptSigExt},
   |          ^^^^^^^^^  ^^^^^^^^^^^^  ^^^^^^^^^^^^^^^  ^^^^^^^^^^^^^^^^  ^^^^^^^^^^^^ no `ScriptSigExt` in `borrowed`
   |          |          |             |                |
   |          |          |             |                no `WitnessScriptExt` in `borrowed`
   |          |          |             no `ScriptPubKeyExt` in `borrowed`
   |          |          no `TapScriptExt` in `borrowed`
   |          no `ScriptExt` in `borrowed`
...
78 | ...::{ScriptBufExt, ScriptPubKeyBufExt},
   |       ^^^^^^^^^^^^  ^^^^^^^^^^^^^^^^^^ no `ScriptPubKeyBufExt` in `owned`
   |       |
   |       no `ScriptBufExt` in `owned`
   |
help: a similar name exists in the module
   |
75 -     borrowed::{ScriptExt, TapScriptExt, ScriptPubKeyExt, WitnessScriptExt, ScriptSigExt},
75 +     borrowed::{Script, TapScriptExt, ScriptPubKeyExt, WitnessScriptExt, ScriptSigExt},
   |
help: a similar name exists in the module
   |
75 -     borrowed::{ScriptExt, TapScriptExt, ScriptPubKeyExt, WitnessScriptExt, ScriptSigExt},
75 +     borrowed::{ScriptExt, TapScript, ScriptPubKeyExt, WitnessScriptExt, ScriptSigExt},
   |
help: a similar name exists in the module
   |
75 -     borrowed::{ScriptExt, TapScriptExt, ScriptPubKeyExt, WitnessScriptExt, ScriptSigExt},
75 +     borrowed::{ScriptExt, TapScriptExt, ScriptPubKey, WitnessScriptExt, ScriptSigExt},
   |
help: a similar name exists in the module
   |
75 -     borrowed::{ScriptExt, TapScriptExt, ScriptPubKeyExt, WitnessScriptExt, ScriptSigExt},
75 +     borrowed::{ScriptExt, TapScriptExt, ScriptPubKeyExt, WitnessScript, ScriptSigExt},
   |
help: a similar name exists in the module
   |
75 -     borrowed::{ScriptExt, TapScriptExt, ScriptPubKeyExt, WitnessScriptExt, ScriptSigExt},
75 +     borrowed::{ScriptExt, TapScriptExt, ScriptPubKeyExt, WitnessScriptExt, ScriptSig},
   |
help: a similar name exists in the module
   |
78 -     owned::{ScriptBufExt, ScriptPubKeyBufExt},
78 +     owned::{ScriptBuf, ScriptPubKeyBufExt},
   |
help: a similar name exists in the module
   |
78 -     owned::{ScriptBufExt, ScriptPubKeyBufExt},
78 +     owned::{ScriptBufExt, ScriptPubKeyBuf},
   |

error[E0432]: unresolved import `core`
 --> ../rust-bitcoin/bitcoin/src/blockdata/script/borrowed.rs:3:5
  |
3 | use core::fmt;
  |     ^^^^
  |     |
  |     you might be missing crate `core`
  |     help: try using `std` instead of `core`: `std`

error[E0433]: failed to resolve: use of unresolved module or unlinked crate `internals`
  --> ../rust-bitcoin/bitcoin/src/blockdata/script/borrowed.rs:6:5
   |
 6 | use internals::array::ArrayExt; // For `split_first`.
   |     ^^^^^^^^^ use of unresolved module or unlinked crate `internals`
   |
help: you might be missing a crate named `internals`, add it to your project and import it in your code
  --> ../rust-bitcoin/bitcoin/src/blockdata/script/mod.rs:48:1
   |
48 + extern crate internals;
   |

error[E0432]: unresolved import `hex`
  --> ../rust-bitcoin/bitcoin/src/blockdata/script/borrowed.rs:5:5
   |
 5 | use hex::DisplayHex as _;
   |     ^^^ use of unresolved module or unlinked crate `hex`
   |
help: you might be missing a crate named `hex`, add it to your project and import it in your code
  --> ../rust-bitcoin/bitcoin/src/blockdata/script/mod.rs:48:1
   |
48 + extern crate hex;
   |

error[E0432]: unresolved import `internals`
  --> ../rust-bitcoin/bitcoin/src/blockdata/script/borrowed.rs:7:5
   |
 7 | use internals::ToU64 as _;
   |     ^^^^^^^^^ use of unresolved module or unlinked crate `internals`
   |
help: you might be missing a crate named `internals`, add it to your project and import it in your code
  --> ../rust-bitcoin/bitcoin/src/blockdata/script/mod.rs:48:1
   |
48 + extern crate internals;
   |

error[E0432]: unresolved imports `super::RedeemScript`, `super::RedeemScriptSizeError`, `super::Script`, `super::ScriptHash`, `super::ScriptHashableTag`, `super::ScriptPubKey`, `super::ScriptSig`, `super::TapScript`, `super::WScriptHash`, `super::WitnessScript`, `super::WitnessScriptSizeError`
  --> ../rust-bitcoin/bitcoin/src/blockdata/script/borrowed.rs:11:72
   |
11 |     Builder, Instruction, InstructionIndices, Instructions, PushBytes, RedeemScript,
   |                                                                        ^^^^^^^^^^^^ no `RedeemScript` in the root
12 |     RedeemScriptSizeError, Script, ScriptHash, ScriptHashableTag, ScriptPubKey, ScriptSig,
   |     ^^^^^^^^^^^^^^^^^^^^^  ^^^^^^  ^^^^^^^^^^  ^^^^^^^^^^^^^^^^^  ^^^^^^^^^^^^  ^^^^^^^^^ no `ScriptSig` in the root
   |     |                      |       |           |                  |
   |     |                      |       |           |                  no `ScriptPubKey` in the root
   |     |                      |       |           no `ScriptHashableTag` in the root
   |     |                      |       no `ScriptHash` in the root
   |     |                      no `Script` in the root
   |     no `RedeemScriptSizeError` in the root
13 |     TapScript, WScriptHash, WitnessScript, WitnessScriptSizeError,
   |     ^^^^^^^^^  ^^^^^^^^^^^  ^^^^^^^^^^^^^  ^^^^^^^^^^^^^^^^^^^^^^
   |     |          |            |
   |     |          |            no `WitnessScript` in the root
   |     |          no `WScriptHash` in the root
   |     no `TapScript` in the root
   |
help: a similar name exists in the module
   |
11 |     Builder, Instruction, InstructionIndices, Instructions, PushBytes, RedeemScriptBuf,
   |                                                                                    +++
help: a similar name exists in the module
   |
12 -     RedeemScriptSizeError, Script, ScriptHash, ScriptHashableTag, ScriptPubKey, ScriptSig,
12 +     WitnessScriptSizeError, Script, ScriptHash, ScriptHashableTag, ScriptPubKey, ScriptSig,
   |
help: a similar name exists in the module
   |
12 |     RedeemScriptSizeError, Script, WScriptHash, ScriptHashableTag, ScriptPubKey, ScriptSig,
   |                                    +
help: a similar name exists in the module
   |
12 |     RedeemScriptSizeError, Script, ScriptHash, ScriptHashableTag, ScriptPubKeyBuf, ScriptSig,
   |                                                                               +++
help: a similar name exists in the module
   |
12 -     RedeemScriptSizeError, Script, ScriptHash, ScriptHashableTag, ScriptPubKey, ScriptSig,
12 +     RedeemScriptSizeError, Script, ScriptHash, ScriptHashableTag, ScriptPubKey, Script,
   |
help: a similar name exists in the module
   |
13 -     TapScript, WScriptHash, WitnessScript, WitnessScriptSizeError,
13 +     Script, WScriptHash, WitnessScript, WitnessScriptSizeError,
   |
help: a similar name exists in the module
   |
13 -     TapScript, WScriptHash, WitnessScript, WitnessScriptSizeError,
13 +     TapScript, ScriptHash, WitnessScript, WitnessScriptSizeError,
   |
help: a similar name exists in the module
   |
13 |     TapScript, WScriptHash, WitnessScriptBuf, WitnessScriptSizeError,
   |                                          +++

error[E0432]: unresolved imports `crate::consensus`, `crate::consensus`
  --> ../rust-bitcoin/bitcoin/src/blockdata/script/borrowed.rs:15:12
   |
15 | use crate::consensus::{self, Encodable};
   |            ^^^^^^^^^   ^^^^ no `consensus` in the root
   |            |
   |            use of unresolved module or unlinked crate `consensus`
   |
help: you might be missing a crate named `consensus`, add it to your project and import it in your code
  --> ../rust-bitcoin/bitcoin/src/blockdata/script/mod.rs:48:1
   |
48 + extern crate consensus;
   |

error[E0433]: failed to resolve: use of unresolved module or unlinked crate `opcodes`
  --> ../rust-bitcoin/bitcoin/src/blockdata/script/borrowed.rs:17:12
   |
17 | use crate::opcodes::all::*;
   |            ^^^^^^^ use of unresolved module or unlinked crate `opcodes`
   |
help: you might be missing a crate named `opcodes`, add it to your project and import it in your code
  --> ../rust-bitcoin/bitcoin/src/blockdata/script/mod.rs:48:1
   |
48 + extern crate opcodes;
   |

error[E0432]: unresolved import `crate::key`
  --> ../rust-bitcoin/bitcoin/src/blockdata/script/borrowed.rs:16:12
   |
16 | use crate::key::{PublicKey, UntweakedPublicKey, WPubkeyHash};
   |            ^^^ use of unresolved module or unlinked crate `key`
   |
help: you might be missing a crate named `key`, add it to your project and import it in your code
  --> ../rust-bitcoin/bitcoin/src/blockdata/script/mod.rs:48:1
   |
48 + extern crate key;
   |

error[E0432]: unresolved imports `crate::opcodes`, `crate::opcodes`
  --> ../rust-bitcoin/bitcoin/src/blockdata/script/borrowed.rs:18:12
   |
18 | use crate::opcodes::{self, Opcode};
   |            ^^^^^^^   ^^^^ no `opcodes` in the root
   |            |
   |            use of unresolved module or unlinked crate `opcodes`
   |
help: a similar name exists in the module
   |
18 - use crate::opcodes::{self, Opcode};
18 + use crate::Opcode::{self, Opcode};
   |
help: you might be missing a crate named `opcodes`, add it to your project and import it in your code
  --> ../rust-bitcoin/bitcoin/src/blockdata/script/mod.rs:48:1
   |
48 + extern crate opcodes;
   |

error[E0432]: unresolved import `crate::policy`
  --> ../rust-bitcoin/bitcoin/src/blockdata/script/borrowed.rs:19:12
   |
19 | use crate::policy::{DUST_RELAY_TX_FEE, MAX_OP_RETURN_RELAY};
   |            ^^^^^^ use of unresolved module or unlinked crate `policy`
   |
help: you might be missing a crate named `policy`, add it to your project and import it in your code
  --> ../rust-bitcoin/bitcoin/src/blockdata/script/mod.rs:48:1
   |
48 + extern crate policy;
   |

error[E0432]: unresolved import `crate::prelude`
  --> ../rust-bitcoin/bitcoin/src/blockdata/script/borrowed.rs:20:12
   |
20 | use crate::prelude::{sink, String, ToString};
   |            ^^^^^^^
   |            |
   |            unresolved import
   |            help: a similar path exists: `std::prelude`

error[E0432]: unresolved imports `crate::script`, `crate::script`
  --> ../rust-bitcoin/bitcoin/src/blockdata/script/borrowed.rs:21:12
   |
21 | use crate::script::{self, ScriptPubKeyBufExt as _};
   |            ^^^^^^   ^^^^ no `script` in the root
   |            |
   |            use of unresolved module or unlinked crate `script`
   |
help: a similar name exists in the module (notice the capitalization)
   |
21 - use crate::script::{self, ScriptPubKeyBufExt as _};
21 + use crate::Script::{self, ScriptPubKeyBufExt as _};
   |
help: you might be missing a crate named `script`, add it to your project and import it in your code
  --> ../rust-bitcoin/bitcoin/src/blockdata/script/mod.rs:48:1
   |
48 + extern crate script;
   |

error[E0432]: unresolved import `crate::taproot`
  --> ../rust-bitcoin/bitcoin/src/blockdata/script/borrowed.rs:22:12
   |
22 | use crate::taproot::{LeafVersion, TapLeafHash, TapNodeHash};
   |            ^^^^^^^ use of unresolved module or unlinked crate `taproot`
   |
help: you might be missing a crate named `taproot`, add it to your project and import it in your code
  --> ../rust-bitcoin/bitcoin/src/blockdata/script/mod.rs:48:1
   |
48 + extern crate taproot;
   |

error[E0432]: unresolved imports `crate::internal_macros`, `crate::Amount`, `crate::FeeRate`, `crate::ScriptPubKeyBuf`, `crate::WitnessScriptBuf`
  --> ../rust-bitcoin/bitcoin/src/blockdata/script/borrowed.rs:24:13
   |
24 | ...::{internal_macros, Amount, FeeRate, ScriptPubKeyBuf, WitnessScriptBuf};
   |       ^^^^^^^^^^^^^^^  ^^^^^^  ^^^^^^^  ^^^^^^^^^^^^^^^  ^^^^^^^^^^^^^^^^ no `WitnessScriptBuf` in the root
   |       |                |       |        |
   |       |                |       |        no `ScriptPubKeyBuf` in the root
   |       |                |       no `FeeRate` in the root
   |       |                no `Amount` in the root
   |       no `internal_macros` in the root
   |
help: a similar name exists in the module
   |
24 - use crate::{internal_macros, Amount, FeeRate, ScriptPubKeyBuf, WitnessScriptBuf};
24 + use crate::{internal_macros, Amount, FeeRate, ScriptPubKey, WitnessScriptBuf};
   |
help: a similar name exists in the module
   |
24 - use crate::{internal_macros, Amount, FeeRate, ScriptPubKeyBuf, WitnessScriptBuf};
24 + use crate::{internal_macros, Amount, FeeRate, ScriptPubKeyBuf, WitnessScript};
   |

error[E0432]: unresolved import `core`
 --> ../rust-bitcoin/bitcoin/src/blockdata/script/builder.rs:3:5
  |
3 | use core::fmt;
  |     ^^^^
  |     |
  |     you might be missing crate `core`
  |     help: try using `std` instead of `core`: `std`

error[E0432]: unresolved imports `super::Script`, `super::ScriptBuf`
 --> ../rust-bitcoin/bitcoin/src/blockdata/script/builder.rs:5:49
  |
5 | use super::{opcode_to_verify, Error, PushBytes, Script, ScriptBuf};
  |                                                 ^^^^^^  ^^^^^^^^^
  |                                                 |       |
  |                                                 |       no `ScriptBuf` in the root
  |                                                 |       help: a similar name exists in the module: `Script`
  |                                                 no `Script` in the root

error[E0432]: unresolved import `crate::key`
  --> ../rust-bitcoin/bitcoin/src/blockdata/script/builder.rs:6:12
   |
 6 | use crate::key::{PublicKey, XOnlyPublicKey};
   |            ^^^ use of unresolved module or unlinked crate `key`
   |
help: you might be missing a crate named `key`, add it to your project and import it in your code
  --> ../rust-bitcoin/bitcoin/src/blockdata/script/mod.rs:48:1
   |
48 + extern crate key;
   |

error[E0433]: failed to resolve: use of unresolved module or unlinked crate `opcodes`
  --> ../rust-bitcoin/bitcoin/src/blockdata/script/builder.rs:8:12
   |
 8 | use crate::opcodes::all::*;
   |            ^^^^^^^ use of unresolved module or unlinked crate `opcodes`
   |
help: you might be missing a crate named `opcodes`, add it to your project and import it in your code
  --> ../rust-bitcoin/bitcoin/src/blockdata/script/mod.rs:48:1
   |
48 + extern crate opcodes;
   |

error[E0432]: unresolved import `crate::locktime`
  --> ../rust-bitcoin/bitcoin/src/blockdata/script/builder.rs:7:12
   |
 7 | use crate::locktime::absolute;
   |            ^^^^^^^^ use of unresolved module or unlinked crate `locktime`
   |
help: you might be missing a crate named `locktime`, add it to your project and import it in your code
  --> ../rust-bitcoin/bitcoin/src/blockdata/script/mod.rs:48:1
   |
48 + extern crate locktime;
   |

error[E0432]: unresolved import `crate::opcodes`
  --> ../rust-bitcoin/bitcoin/src/blockdata/script/builder.rs:9:12
   |
 9 | use crate::opcodes::Opcode;
   |            ^^^^^^^ use of unresolved module or unlinked crate `opcodes`
   |
help: you might be missing a crate named `opcodes`, add it to your project and import it in your code
  --> ../rust-bitcoin/bitcoin/src/blockdata/script/mod.rs:48:1
   |
48 + extern crate opcodes;
   |

error[E0432]: unresolved import `crate::prelude`
  --> ../rust-bitcoin/bitcoin/src/blockdata/script/builder.rs:10:12
   |
10 | use crate::prelude::Vec;
   |            ^^^^^^^
   |            |
   |            unresolved import
   |            help: a similar path exists: `std::prelude`

error[E0432]: unresolved import `crate::script`
  --> ../rust-bitcoin/bitcoin/src/blockdata/script/builder.rs:11:12
   |
11 | use crate::script::{ScriptBufExt as _, ScriptBufExtPriv as _, ScriptExtP...
   |            ^^^^^^ use of unresolved module or unlinked crate `script`
   |
help: you might be missing a crate named `script`, add it to your project and import it in your code
  --> ../rust-bitcoin/bitcoin/src/blockdata/script/mod.rs:48:1
   |
48 + extern crate script;
   |

error[E0432]: unresolved imports `crate::relative`, `crate::Sequence`
  --> ../rust-bitcoin/bitcoin/src/blockdata/script/builder.rs:12:13
   |
12 | use crate::{relative, Sequence};
   |             ^^^^^^^^  ^^^^^^^^ no `Sequence` in the root
   |             |
   |             no `relative` in the root

error[E0433]: failed to resolve: use of unresolved module or unlinked crate `internals`
  --> ../rust-bitcoin/bitcoin/src/blockdata/script/instruction.rs:3:5
   |
 3 | use internals::script::{self, PushDataLenLen};
   |     ^^^^^^^^^ use of unresolved module or unlinked crate `internals`
   |
help: you might be missing a crate named `internals`, add it to your project and import it in your code
  --> ../rust-bitcoin/bitcoin/src/blockdata/script/mod.rs:48:1
   |
48 + extern crate internals;
   |

error[E0432]: unresolved import `internals`
  --> ../rust-bitcoin/bitcoin/src/blockdata/script/instruction.rs:3:5
   |
 3 | use internals::script::{self, PushDataLenLen};
   |     ^^^^^^^^^ use of unresolved module or unlinked crate `internals`
   |
help: you might be missing a crate named `internals`, add it to your project and import it in your code
  --> ../rust-bitcoin/bitcoin/src/blockdata/script/mod.rs:48:1
   |
48 + extern crate internals;
   |

error[E0432]: unresolved import `super::Script`
 --> ../rust-bitcoin/bitcoin/src/blockdata/script/instruction.rs:5:31
  |
5 | use super::{Error, PushBytes, Script, ScriptBufExtPriv as _};
  |                               ^^^^^^ no `Script` in the root

error[E0433]: failed to resolve: you might be missing crate `core`
 --> ../rust-bitcoin/bitcoin/src/blockdata/script/owned.rs:4:5
  |
4 | use core::ops::Deref;
  |     ^^^^
  |     |
  |     you might be missing crate `core`
  |     help: try using `std` instead of `core`: `std`

error[E0432]: unresolved imports `crate::opcodes`, `crate::opcodes`
  --> ../rust-bitcoin/bitcoin/src/blockdata/script/instruction.rs:6:12
   |
 6 | use crate::opcodes::{self, Opcode};
   |            ^^^^^^^   ^^^^ no `opcodes` in the root
   |            |
   |            use of unresolved module or unlinked crate `opcodes`
   |
help: a similar name exists in the module
   |
 6 - use crate::opcodes::{self, Opcode};
 6 + use crate::Opcode::{self, Opcode};
   |
help: you might be missing a crate named `opcodes`, add it to your project and import it in your code
  --> ../rust-bitcoin/bitcoin/src/blockdata/script/mod.rs:48:1
   |
48 + extern crate opcodes;
   |

error[E0432]: unresolved import `hex`
  --> ../rust-bitcoin/bitcoin/src/blockdata/script/owned.rs:6:5
   |
 6 | use hex::FromHex as _;
   |     ^^^ use of unresolved module or unlinked crate `hex`
   |
help: you might be missing a crate named `hex`, add it to your project and import it in your code
  --> ../rust-bitcoin/bitcoin/src/blockdata/script/mod.rs:48:1
   |
48 + extern crate hex;
   |

error[E0432]: unresolved import `internals`
  --> ../rust-bitcoin/bitcoin/src/blockdata/script/owned.rs:7:5
   |
 7 | use internals::ToU64 as _;
   |     ^^^^^^^^^ use of unresolved module or unlinked crate `internals`
   |
help: you might be missing a crate named `internals`, add it to your project and import it in your code
  --> ../rust-bitcoin/bitcoin/src/blockdata/script/mod.rs:48:1
   |
48 + extern crate internals;
   |

error[E0432]: unresolved imports `super::ScriptBuf`, `super::ScriptPubKeyBuf`
  --> ../rust-bitcoin/bitcoin/src/blockdata/script/owned.rs:10:80
   |
10 | ... write_scriptint, Builder, Error, Instruction, PushBytes, ScriptBuf,
   |                                                              ^^^^^^^^^ no `ScriptBuf` in the root
11 | ..._, ScriptPubKeyBuf,
   |       ^^^^^^^^^^^^^^^ no `ScriptPubKeyBuf` in the root
   |
help: a similar name exists in the module
   |
10 -     opcode_to_verify, write_scriptint, Builder, Error, Instruction, PushBytes, ScriptBuf,
10 +     opcode_to_verify, write_scriptint, Builder, Error, Instruction, PushBytes, Script,
   |
help: a similar name exists in the module
   |
11 -     ScriptExtPriv as _, ScriptPubKeyBuf,
11 +     ScriptExtPriv as _, ScriptPubKey,
   |

error[E0433]: failed to resolve: use of unresolved module or unlinked crate `opcodes`
  --> ../rust-bitcoin/bitcoin/src/blockdata/script/owned.rs:16:12
   |
16 | use crate::opcodes::all::*;
   |            ^^^^^^^ use of unresolved module or unlinked crate `opcodes`
   |
help: you might be missing a crate named `opcodes`, add it to your project and import it in your code
  --> ../rust-bitcoin/bitcoin/src/blockdata/script/mod.rs:48:1
   |
48 + extern crate opcodes;
   |

error[E0432]: unresolved import `crate::key`
  --> ../rust-bitcoin/bitcoin/src/blockdata/script/owned.rs:13:12
   |
13 | use crate::key::{
   |            ^^^ use of unresolved module or unlinked crate `key`
   |
help: you might be missing a crate named `key`, add it to your project and import it in your code
  --> ../rust-bitcoin/bitcoin/src/blockdata/script/mod.rs:48:1
   |
48 + extern crate key;
   |

error[E0432]: unresolved imports `crate::opcodes`, `crate::opcodes`
  --> ../rust-bitcoin/bitcoin/src/blockdata/script/owned.rs:17:12
   |
17 | use crate::opcodes::{self, Opcode};
   |            ^^^^^^^   ^^^^ no `opcodes` in the root
   |            |
   |            use of unresolved module or unlinked crate `opcodes`
   |
help: a similar name exists in the module
   |
17 - use crate::opcodes::{self, Opcode};
17 + use crate::Opcode::{self, Opcode};
   |
help: you might be missing a crate named `opcodes`, add it to your project and import it in your code
  --> ../rust-bitcoin/bitcoin/src/blockdata/script/mod.rs:48:1
   |
48 + extern crate opcodes;
   |

error[E0433]: failed to resolve: use of unresolved module or unlinked crate `script`
  --> ../rust-bitcoin/bitcoin/src/blockdata/script/owned.rs:19:12
   |
19 | use crate::script::witness_program::{WitnessProgram, P2A_PROGRAM};
   |            ^^^^^^ use of unresolved module or unlinked crate `script`
   |
help: you might be missing a crate named `script`, add it to your project and import it in your code
  --> ../rust-bitcoin/bitcoin/src/blockdata/script/mod.rs:48:1
   |
48 + extern crate script;
   |

error[E0433]: failed to resolve: use of unresolved module or unlinked crate `script`
  --> ../rust-bitcoin/bitcoin/src/blockdata/script/owned.rs:20:12
   |
20 | use crate::script::witness_version::WitnessVersion;
   |            ^^^^^^ use of unresolved module or unlinked crate `script`
   |
help: you might be missing a crate named `script`, add it to your project and import it in your code
  --> ../rust-bitcoin/bitcoin/src/blockdata/script/mod.rs:48:1
   |
48 + extern crate script;
   |

error[E0432]: unresolved import `crate::prelude`
  --> ../rust-bitcoin/bitcoin/src/blockdata/script/owned.rs:18:12
   |
18 | use crate::prelude::Vec;
   |            ^^^^^^^
   |            |
   |            unresolved import
   |            help: a similar path exists: `std::prelude`

error[E0432]: unresolved imports `crate::script`, `crate::script`
  --> ../rust-bitcoin/bitcoin/src/blockdata/script/owned.rs:21:12
   |
21 | use crate::script::{self, ScriptHash, WScriptHash};
   |            ^^^^^^   ^^^^ no `script` in the root
   |            |
   |            use of unresolved module or unlinked crate `script`
   |
help: a similar name exists in the module (notice the capitalization)
   |
21 - use crate::script::{self, ScriptHash, WScriptHash};
21 + use crate::Script::{self, ScriptHash, WScriptHash};
   |
help: you might be missing a crate named `script`, add it to your project and import it in your code
  --> ../rust-bitcoin/bitcoin/src/blockdata/script/mod.rs:48:1
   |
48 + extern crate script;
   |

error[E0432]: unresolved import `crate::taproot`
  --> ../rust-bitcoin/bitcoin/src/blockdata/script/owned.rs:22:12
   |
22 | use crate::taproot::TapNodeHash;
   |            ^^^^^^^ use of unresolved module or unlinked crate `taproot`
   |
help: you might be missing a crate named `taproot`, add it to your project and import it in your code
  --> ../rust-bitcoin/bitcoin/src/blockdata/script/mod.rs:48:1
   |
48 + extern crate taproot;
   |

error[E0432]: unresolved imports `crate::consensus`, `crate::internal_macros`
  --> ../rust-bitcoin/bitcoin/src/blockdata/script/owned.rs:23:13
   |
23 | use crate::{consensus, internal_macros};
   |             ^^^^^^^^^  ^^^^^^^^^^^^^^^ no `internal_macros` in the root
   |             |
   |             no `consensus` in the root

error[E0433]: failed to resolve: you might be missing crate `core`
 --> ../rust-bitcoin/bitcoin/src/blockdata/script/push_bytes.rs:6:5
  |
6 | use core::ops::{Deref, DerefMut};
  |     ^^^^
  |     |
  |     you might be missing crate `core`
  |     help: try using `std` instead of `core`: `std`

error[E0432]: unresolved import `core`
 --> ../rust-bitcoin/bitcoin/src/blockdata/script/push_bytes.rs:5:5
  |
5 | use core::fmt;
  |     ^^^^
  |     |
  |     you might be missing crate `core`
  |     help: try using `std` instead of `core`: `std`

error[E0432]: unresolved import `crate::crypto`
  --> ../rust-bitcoin/bitcoin/src/blockdata/script/push_bytes.rs:8:12
   |
 8 | use crate::crypto::{ecdsa, taproot};
   |            ^^^^^^ use of unresolved module or unlinked crate `crypto`
   |
help: you might be missing a crate named `crypto`, add it to your project and import it in your code
  --> ../rust-bitcoin/bitcoin/src/blockdata/script/mod.rs:48:1
   |
48 + extern crate crypto;
   |

error[E0432]: unresolved import `crate::prelude`
 --> ../rust-bitcoin/bitcoin/src/blockdata/script/push_bytes.rs:9:12
  |
9 | use crate::prelude::{Borrow, BorrowMut};
  |            ^^^^^^^
  |            |
  |            unresolved import
  |            help: a similar path exists: `std::prelude`

error[E0433]: failed to resolve: you might be missing crate `core`
  --> ../rust-bitcoin/bitcoin/src/blockdata/script/push_bytes.rs:20:9
   |
20 |     use core::ops::{
   |         ^^^^
   |         |
   |         you might be missing crate `core`
   |         help: try using `std` instead of `core`: `std`

error[E0432]: unresolved import `crate::script`
  --> ../rust-bitcoin/bitcoin/src/blockdata/script/push_bytes.rs:10:5
   |
10 | use crate::script;
   |     ^^^^^^^------
   |     |      |
   |     |      help: a similar name exists in the module (notice the capitalization): `Script`
   |     no `script` in the root

error[E0432]: unresolved import `super::PushBytesError`
  --> ../rust-bitcoin/bitcoin/src/blockdata/script/push_bytes.rs:25:9
   |
25 |     use super::PushBytesError;
   |         ^^^^^^^^^^^^^^^^^^^^^ no `PushBytesError` in `push_bytes`
   |
help: consider importing this struct instead
   |
25 -     use super::PushBytesError;
25 +     use push_bytes::error::PushBytesError;
   |

error[E0432]: unresolved import `crate::prelude`
  --> ../rust-bitcoin/bitcoin/src/blockdata/script/push_bytes.rs:26:16
   |
26 |     use crate::prelude::{ToOwned, Vec};
   |                ^^^^^^^
   |                |
   |                unresolved import
   |                help: a similar path exists: `std::prelude`

error[E0432]: unresolved import `error`
   --> ../rust-bitcoin/bitcoin/src/blockdata/script/push_bytes.rs:475:9
    |
475 | pub use error::PushBytesError;
    |         ^^^^^ help: a similar path exists: `self::error`

error[E0433]: failed to resolve: you might be missing crate `core`
  --> ../rust-bitcoin/bitcoin/src/blockdata/script/witness_program.rs:10:5
   |
10 | use core::convert::Infallible;
   |     ^^^^
   |     |
   |     you might be missing crate `core`
   |     help: try using `std` instead of `core`: `std`

error[E0432]: unresolved import `core`
   --> ../rust-bitcoin/bitcoin/src/blockdata/script/push_bytes.rs:502:9
    |
502 |     use core::fmt;
    |         ^^^^
    |         |
    |         you might be missing crate `core`
    |         help: try using `std` instead of `core`: `std`

error[E0433]: failed to resolve: use of unresolved module or unlinked crate `internals`
  --> ../rust-bitcoin/bitcoin/src/blockdata/script/witness_program.rs:13:5
   |
13 | use internals::array_vec::ArrayVec;
   |     ^^^^^^^^^ use of unresolved module or unlinked crate `internals`
   |
help: you might be missing a crate named `internals`, add it to your project and import it in your code
  --> ../rust-bitcoin/bitcoin/src/blockdata/script/mod.rs:48:1
   |
48 + extern crate internals;
   |

error[E0432]: unresolved import `core`
  --> ../rust-bitcoin/bitcoin/src/blockdata/script/witness_program.rs:11:5
   |
11 | use core::fmt;
   |     ^^^^
   |     |
   |     you might be missing crate `core`
   |     help: try using `std` instead of `core`: `std`

error[E0433]: failed to resolve: use of unresolved module or unlinked crate `crypto`
  --> ../rust-bitcoin/bitcoin/src/blockdata/script/witness_program.rs:17:12
   |
17 | use crate::crypto::key::{CompressedPublicKey, TapTweak, TweakedPublicKey...
   |            ^^^^^^ use of unresolved module or unlinked crate `crypto`
   |
help: you might be missing a crate named `crypto`, add it to your project and import it in your code
  --> ../rust-bitcoin/bitcoin/src/blockdata/script/mod.rs:48:1
   |
48 + extern crate crypto;
   |

error[E0432]: unresolved imports `super::WScriptHash`, `super::WitnessScript`, `super::WitnessScriptSizeError`
  --> ../rust-bitcoin/bitcoin/src/blockdata/script/witness_program.rs:16:24
   |
16 | use super::{PushBytes, WScriptHash, WitnessScript, WitnessScriptSizeError};
   |                        ^^^^^^^^^^^  ^^^^^^^^^^^^^  ^^^^^^^^^^^^^^^^^^^^^^ no `WitnessScriptSizeError` in the root
   |                        |            |
   |                        |            no `WitnessScript` in the root
   |                        no `WScriptHash` in the root
   |
help: a similar name exists in the module
   |
16 - use super::{PushBytes, WScriptHash, WitnessScript, WitnessScriptSizeError};
16 + use super::{PushBytes, ScriptHash, WitnessScript, WitnessScriptSizeError};
   |
help: a similar name exists in the module
   |
16 | use super::{PushBytes, WScriptHash, WitnessScriptBuf, WitnessScriptSizeError};
   |                                                  +++
help: a similar name exists in the module
   |
16 - use super::{PushBytes, WScriptHash, WitnessScript, WitnessScriptSizeError};
16 + use super::{PushBytes, WScriptHash, WitnessScript, RedeemScriptSizeError};
   |

error[E0432]: unresolved import `crate::script`
  --> ../rust-bitcoin/bitcoin/src/blockdata/script/witness_program.rs:18:12
   |
18 | use crate::script::WitnessScriptExt as _;
   |            ^^^^^^ use of unresolved module or unlinked crate `script`
   |
help: you might be missing a crate named `script`, add it to your project and import it in your code
  --> ../rust-bitcoin/bitcoin/src/blockdata/script/mod.rs:48:1
   |
48 + extern crate script;
   |

error[E0433]: failed to resolve: you might be missing crate `core`
  --> ../rust-bitcoin/bitcoin/src/blockdata/script/witness_version.rs:10:5
   |
10 | use core::convert::Infallible;
   |     ^^^^
   |     |
   |     you might be missing crate `core`
   |     help: try using `std` instead of `core`: `std`

error[E0432]: unresolved import `crate::taproot`
  --> ../rust-bitcoin/bitcoin/src/blockdata/script/witness_program.rs:19:12
   |
19 | use crate::taproot::TapNodeHash;
   |            ^^^^^^^ use of unresolved module or unlinked crate `taproot`
   |
help: you might be missing a crate named `taproot`, add it to your project and import it in your code
  --> ../rust-bitcoin/bitcoin/src/blockdata/script/mod.rs:48:1
   |
48 + extern crate taproot;
   |

error[E0433]: failed to resolve: you might be missing crate `core`
  --> ../rust-bitcoin/bitcoin/src/blockdata/script/witness_version.rs:12:5
   |
12 | use core::str::FromStr;
   |     ^^^^
   |     |
   |     you might be missing crate `core`
   |     help: try using `std` instead of `core`: `std`

error[E0432]: unresolved import `core`
  --> ../rust-bitcoin/bitcoin/src/blockdata/script/witness_version.rs:11:5
   |
11 | use core::fmt;
   |     ^^^^
   |     |
   |     you might be missing crate `core`
   |     help: try using `std` instead of `core`: `std`

error[E0433]: failed to resolve: use of unresolved module or unlinked crate `opcodes`
  --> ../rust-bitcoin/bitcoin/src/blockdata/script/witness_version.rs:16:12
   |
16 | use crate::opcodes::all::*;
   |            ^^^^^^^ use of unresolved module or unlinked crate `opcodes`
   |
help: you might be missing a crate named `opcodes`, add it to your project and import it in your code
  --> ../rust-bitcoin/bitcoin/src/blockdata/script/mod.rs:48:1
   |
48 + extern crate opcodes;
   |

error[E0432]: unresolved import `internals`
  --> ../rust-bitcoin/bitcoin/src/blockdata/script/witness_version.rs:14:5
   |
14 | use internals::write_err;
   |     ^^^^^^^^^ use of unresolved module or unlinked crate `internals`
   |
help: you might be missing a crate named `internals`, add it to your project and import it in your code
  --> ../rust-bitcoin/bitcoin/src/blockdata/script/mod.rs:48:1
   |
48 + extern crate internals;
   |

error[E0432]: unresolved import `crate::opcodes`
  --> ../rust-bitcoin/bitcoin/src/blockdata/script/witness_version.rs:17:12
   |
17 | use crate::opcodes::Opcode;
   |            ^^^^^^^ use of unresolved module or unlinked crate `opcodes`
   |
help: you might be missing a crate named `opcodes`, add it to your project and import it in your code
  --> ../rust-bitcoin/bitcoin/src/blockdata/script/mod.rs:48:1
   |
48 + extern crate opcodes;
   |

error[E0432]: unresolved imports `crate::parse_int`, `crate::parse_int`
  --> ../rust-bitcoin/bitcoin/src/blockdata/script/witness_version.rs:18:12
   |
18 | use crate::parse_int::{self, ParseIntError};
   |            ^^^^^^^^^   ^^^^ no `parse_int` in the root
   |            |
   |            use of unresolved module or unlinked crate `parse_int`
   |
help: you might be missing a crate named `parse_int`, add it to your project and import it in your code
  --> ../rust-bitcoin/bitcoin/src/blockdata/script/mod.rs:48:1
   |
48 + extern crate parse_int;
   |

error[E0433]: failed to resolve: you might be missing crate `core`
  --> ../rust-bitcoin/bitcoin/src/blockdata/script/mod.rs:58:5
   |
58 | use core::convert::Infallible;
   |     ^^^^
   |     |
   |     you might be missing crate `core`
   |     help: try using `std` instead of `core`: `std`

error[E0432]: unresolved import `crate::script`
  --> ../rust-bitcoin/bitcoin/src/blockdata/script/witness_version.rs:19:12
   |
19 | use crate::script::Instruction;
   |            ^^^^^^ use of unresolved module or unlinked crate `script`
   |
help: you might be missing a crate named `script`, add it to your project and import it in your code
  --> ../rust-bitcoin/bitcoin/src/blockdata/script/mod.rs:48:1
   |
48 + extern crate script;
   |

error[E0432]: unresolved import `core`
  --> ../rust-bitcoin/bitcoin/src/blockdata/script/mod.rs:59:5
   |
59 | use core::fmt;
   |     ^^^^
   |     |
   |     you might be missing crate `core`
   |     help: try using `std` instead of `core`: `std`

error[E0432]: unresolved import `io`
  --> ../rust-bitcoin/bitcoin/src/blockdata/script/mod.rs:61:5
   |
61 | use io::{BufRead, Write};
   |     ^^
   |     |
   |     unresolved import
   |     help: a similar path exists: `std::io`

error[E0432]: unresolved import `crate::consensus`
  --> ../rust-bitcoin/bitcoin/src/blockdata/script/mod.rs:64:12
   |
64 | use crate::consensus::{encode, Decodable, Encodable};
   |            ^^^^^^^^^ use of unresolved module or unlinked crate `consensus`
   |
help: you might be missing a crate named `consensus`, add it to your project and import it in your code
   |
48 + extern crate consensus;
   |

error[E0432]: unresolved import `crate::internal_macros`
  --> ../rust-bitcoin/bitcoin/src/blockdata/script/mod.rs:65:12
   |
65 | use crate::internal_macros::impl_asref_push_bytes;
   |            ^^^^^^^^^^^^^^^ use of unresolved module or unlinked crate `internal_macros`
   |
help: you might be missing a crate named `internal_macros`, add it to your project and import it in your code
   |
48 + extern crate internal_macros;
   |

error[E0432]: unresolved import `crate::key`
  --> ../rust-bitcoin/bitcoin/src/blockdata/script/mod.rs:66:12
   |
66 | use crate::key::WPubkeyHash;
   |            ^^^ use of unresolved module or unlinked crate `key`
   |
help: you might be missing a crate named `key`, add it to your project and import it in your code
   |
48 + extern crate key;
   |

error[E0432]: unresolved import `crate::opcodes`
  --> ../rust-bitcoin/bitcoin/src/blockdata/script/mod.rs:68:12
   |
68 | use crate::opcodes::Opcode;
   |            ^^^^^^^ use of unresolved module or unlinked crate `opcodes`
   |
help: you might be missing a crate named `opcodes`, add it to your project and import it in your code
   |
48 + extern crate opcodes;
   |

error[E0432]: unresolved import `crate::prelude`
  --> ../rust-bitcoin/bitcoin/src/blockdata/script/mod.rs:69:12
   |
69 | use crate::prelude::Vec;
   |            ^^^^^^^
   |            |
   |            unresolved import
   |            help: a similar path exists: `std::prelude`

error[E0433]: failed to resolve: use of unresolved module or unlinked crate `primitives`
  --> ../rust-bitcoin/bitcoin/src/blockdata/script/mod.rs:82:9
   |
82 | pub use primitives::script::{
   |         ^^^^^^^^^^ use of unresolved module or unlinked crate `primitives`
   |
help: you might be missing a crate named `primitives`, add it to your project and import it in your code
   |
48 + extern crate primitives;
   |

error[E0432]: unresolved import `crate::OutPoint`
  --> ../rust-bitcoin/bitcoin/src/blockdata/script/mod.rs:70:5
   |
70 | use crate::OutPoint;
   |     ^^^^^^^^^^^^^^^ no `OutPoint` in the root

error[E0433]: failed to resolve: use of unresolved module or unlinked crate `internal_macros`
   --> ../rust-bitcoin/bitcoin/src/blockdata/script/borrowed.rs:271:8
    |
271 | crate::internal_macros::define_extension_trait! {
    |        ^^^^^^^^^^^^^^^ use of unresolved module or unlinked crate `internal_macros`

error[E0433]: failed to resolve: use of unresolved module or unlinked crate `internal_macros`
   --> ../rust-bitcoin/bitcoin/src/blockdata/script/owned.rs:186:8
    |
186 | crate::internal_macros::define_extension_trait! {
    |        ^^^^^^^^^^^^^^^ use of unresolved module or unlinked crate `internal_macros`

error[E0433]: failed to resolve: use of unresolved module or unlinked crate `internals`
  --> ../rust-bitcoin/bitcoin/src/blockdata/script/push_bytes.rs:40:5
   |
40 |     internals::transparent_newtype! {
   |     ^^^^^^^^^ use of unresolved module or unlinked crate `internals`

error[E0425]: cannot find type `PushBytes` in this scope
   --> ../rust-bitcoin/bitcoin/src/blockdata/script/push_bytes.rs:62:10
    |
 62 |     impl PushBytes {
    |          ^^^^^^^^^
...
195 |     pub struct PushBytesBuf(Vec<u8>);
    |     --------------------------------- similarly named struct `PushBytesBuf` defined here
    |
help: there is an enum variant `Instruction::PushBytes`; try using the variant's enum
    |
 62 -     impl PushBytes {
 62 +     impl Instruction {
    |
help: a struct with a similar name exists
    |
 62 |     impl PushBytesBuf {
    |                   +++

error[E0425]: cannot find type `PushBytes` in this scope
   --> ../rust-bitcoin/bitcoin/src/blockdata/script/push_bytes.rs:76:39
    |
 76 |                   impl Index<$type> for PushBytes {
    |                                         ^^^^^^^^^
...
 97 | /     delegate_index!(
 98 | |         Range<usize>,
 99 | |         RangeFrom<usize>,
100 | |         RangeTo<usize>,
...   |
104 | |         (Bound<usize>, Bound<usize>)
105 | |     );
    | |_____- in this macro invocation
...
195 |       pub struct PushBytesBuf(Vec<u8>);
    |       --------------------------------- similarly named struct `PushBytesBuf` defined here
    |
    = note: this error originates in the macro `delegate_index` (in Nightly builds, run with -Z macro-backtrace for more info)
help: there is an enum variant `Instruction::PushBytes`; try using the variant's enum
    |
 76 -                 impl Index<$type> for PushBytes {
 76 +                 impl Index<$type> for Instruction {
    |
help: a struct with a similar name exists
    |
 76 |                 impl Index<$type> for PushBytesBuf {
    |                                                +++

error[E0425]: cannot find type `PushBytes` in this scope
   --> ../rust-bitcoin/bitcoin/src/blockdata/script/push_bytes.rs:86:42
    |
 86 |                   impl IndexMut<$type> for PushBytes {
    |                                            ^^^^^^^^^
...
 97 | /     delegate_index!(
 98 | |         Range<usize>,
 99 | |         RangeFrom<usize>,
100 | |         RangeTo<usize>,
...   |
104 | |         (Bound<usize>, Bound<usize>)
105 | |     );
    | |_____- in this macro invocation
...
195 |       pub struct PushBytesBuf(Vec<u8>);
    |       --------------------------------- similarly named struct `PushBytesBuf` defined here
    |
    = note: this error originates in the macro `delegate_index` (in Nightly builds, run with -Z macro-backtrace for more info)
help: there is an enum variant `Instruction::PushBytes`; try using the variant's enum
    |
 86 -                 impl IndexMut<$type> for PushBytes {
 86 +                 impl IndexMut<$type> for Instruction {
    |
help: a struct with a similar name exists
    |
 86 |                 impl IndexMut<$type> for PushBytesBuf {
    |                                                   +++

error[E0425]: cannot find type `PushBytes` in this scope
   --> ../rust-bitcoin/bitcoin/src/blockdata/script/push_bytes.rs:107:27
    |
107 |     impl Index<usize> for PushBytes {
    |                           ^^^^^^^^^
...
195 |     pub struct PushBytesBuf(Vec<u8>);
    |     --------------------------------- similarly named struct `PushBytesBuf` defined here
    |
help: there is an enum variant `Instruction::PushBytes`; try using the variant's enum
    |
107 -     impl Index<usize> for PushBytes {
107 +     impl Index<usize> for Instruction {
    |
help: a struct with a similar name exists
    |
107 |     impl Index<usize> for PushBytesBuf {
    |                                    +++

error[E0425]: cannot find type `PushBytes` in this scope
   --> ../rust-bitcoin/bitcoin/src/blockdata/script/push_bytes.rs:115:30
    |
115 |     impl IndexMut<usize> for PushBytes {
    |                              ^^^^^^^^^
...
195 |     pub struct PushBytesBuf(Vec<u8>);
    |     --------------------------------- similarly named struct `PushBytesBuf` defined here
    |
help: there is an enum variant `Instruction::PushBytes`; try using the variant's enum
    |
115 -     impl IndexMut<usize> for PushBytes {
115 +     impl IndexMut<usize> for Instruction {
    |
help: a struct with a similar name exists
    |
115 |     impl IndexMut<usize> for PushBytesBuf {
    |                                       +++

error[E0405]: cannot find trait `TryFrom` in this scope
   --> ../rust-bitcoin/bitcoin/src/blockdata/script/push_bytes.rs:121:14
    |
121 |     impl<'a> TryFrom<&'a [u8]> for &'a PushBytes {
    |              ^^^^^^^ not found in this scope
    |
    = note: 'std::convert::TryFrom' is included in the prelude starting in Edition 2021
help: consider importing this trait
    |
 20 +     use std::convert::TryFrom;
    |

error[E0425]: cannot find type `PushBytes` in this scope
   --> ../rust-bitcoin/bitcoin/src/blockdata/script/push_bytes.rs:121:40
    |
121 |     impl<'a> TryFrom<&'a [u8]> for &'a PushBytes {
    |                                        ^^^^^^^^^
...
195 |     pub struct PushBytesBuf(Vec<u8>);
    |     --------------------------------- similarly named struct `PushBytesBuf` defined here
    |
help: there is an enum variant `Instruction::PushBytes`; try using the variant's enum
    |
121 -     impl<'a> TryFrom<&'a [u8]> for &'a PushBytes {
121 +     impl<'a> TryFrom<&'a [u8]> for &'a Instruction {
    |
help: a struct with a similar name exists
    |
121 |     impl<'a> TryFrom<&'a [u8]> for &'a PushBytesBuf {
    |                                                 +++

error[E0405]: cannot find trait `TryFrom` in this scope
   --> ../rust-bitcoin/bitcoin/src/blockdata/script/push_bytes.rs:130:14
    |
130 |     impl<'a> TryFrom<&'a mut [u8]> for &'a mut PushBytes {
    |              ^^^^^^^ not found in this scope
    |
    = note: 'std::convert::TryFrom' is included in the prelude starting in Edition 2021
help: consider importing this trait
    |
 20 +     use std::convert::TryFrom;
    |

error[E0425]: cannot find type `PushBytes` in this scope
   --> ../rust-bitcoin/bitcoin/src/blockdata/script/push_bytes.rs:130:48
    |
130 |     impl<'a> TryFrom<&'a mut [u8]> for &'a mut PushBytes {
    |                                                ^^^^^^^^^
...
195 |     pub struct PushBytesBuf(Vec<u8>);
    |     --------------------------------- similarly named struct `PushBytesBuf` defined here
    |
help: there is an enum variant `Instruction::PushBytes`; try using the variant's enum
    |
130 -     impl<'a> TryFrom<&'a mut [u8]> for &'a mut PushBytes {
130 +     impl<'a> TryFrom<&'a mut [u8]> for &'a mut Instruction {
    |
help: a struct with a similar name exists
    |
130 |     impl<'a> TryFrom<&'a mut [u8]> for &'a mut PushBytesBuf {
    |                                                         +++

error[E0425]: cannot find type `PushBytes` in this scope
   --> ../rust-bitcoin/bitcoin/src/blockdata/script/push_bytes.rs:142:55
    |
142 |                   impl<'a> From<&'a [u8; $len]> for &'a PushBytes {
    |                                                         ^^^^^^^^^
...
186 | /     from_array! {
187 | |         0, 1, 2, 3, 4, 5, 6, 7, 8, 9, 10, 11, 12, 13, 14, 15, 16, 17,...
188 | |         25, 26, 27, 28, 29, 30, 31, 32, 33, 34, 35, 36, 37, 38, 39, 4...
189 | |         48, 49, 50, 51, 52, 53, 54, 55, 56, 57, 58, 59, 60, 61, 62, 6...
190 | |         71, 72, 73, 74, 75, 76
191 | |     }
    | |_____- in this macro invocation
...
195 |       pub struct PushBytesBuf(Vec<u8>);
    |       --------------------------------- similarly named struct `PushBytesBuf` defined here
    |
    = note: this error originates in the macro `from_array` (in Nightly builds, run with -Z macro-backtrace for more info)
help: there is an enum variant `Instruction::PushBytes`; try using the variant's enum
    |
142 -                 impl<'a> From<&'a [u8; $len]> for &'a PushBytes {
142 +                 impl<'a> From<&'a [u8; $len]> for &'a Instruction {
    |
help: a struct with a similar name exists
    |
142 |                 impl<'a> From<&'a [u8; $len]> for &'a PushBytesBuf {
    |                                                                +++

error[E0425]: cannot find type `PushBytes` in this scope
   --> ../rust-bitcoin/bitcoin/src/blockdata/script/push_bytes.rs:150:63
    |
150 |                   impl<'a> From<&'a mut [u8; $len]> for &'a mut PushBytes {
    |                                                                 ^^^^^^^^^
...
186 | /     from_array! {
187 | |         0, 1, 2, 3, 4, 5, 6, 7, 8, 9, 10, 11, 12, 13, 14, 15, 16, 17, 18, ...
188 | |         25, 26, 27, 28, 29, 30, 31, 32, 33, 34, 35, 36, 37, 38, 39, 40, 41...
189 | |         48, 49, 50, 51, 52, 53, 54, 55, 56, 57, 58, 59, 60, 61, 62, 63, 64...
190 | |         71, 72, 73, 74, 75, 76
191 | |     }
    | |_____- in this macro invocation
...
195 |       pub struct PushBytesBuf(Vec<u8>);
    |       --------------------------------- similarly named struct `PushBytesBuf` defined here
    |
    = note: this error originates in the macro `from_array` (in Nightly builds, run with -Z macro-backtrace for more info)
help: there is an enum variant `Instruction::PushBytes`; try using the variant's enum
    |
150 -                 impl<'a> From<&'a mut [u8; $len]> for &'a mut PushBytes {
150 +                 impl<'a> From<&'a mut [u8; $len]> for &'a mut Instruction {
    |
help: a struct with a similar name exists
    |
150 |                 impl<'a> From<&'a mut [u8; $len]> for &'a mut PushBytesBuf {
    |                                                                        +++

error[E0425]: cannot find type `PushBytes` in this scope
   --> ../rust-bitcoin/bitcoin/src/blockdata/script/push_bytes.rs:158:28
    |
158 |                   impl AsRef<PushBytes> for [u8; $len] {
    |                              ^^^^^^^^^
...
186 | /     from_array! {
187 | |         0, 1, 2, 3, 4, 5, 6, 7, 8, 9, 10, 11, 12, 13, 14, 15, 16, 17,...
188 | |         25, 26, 27, 28, 29, 30, 31, 32, 33, 34, 35, 36, 37, 38, 39, 4...
189 | |         48, 49, 50, 51, 52, 53, 54, 55, 56, 57, 58, 59, 60, 61, 62, 6...
190 | |         71, 72, 73, 74, 75, 76
191 | |     }
    | |_____- in this macro invocation
...
195 |       pub struct PushBytesBuf(Vec<u8>);
    |       --------------------------------- similarly named struct `PushBytesBuf` defined here
    |
    = note: this error originates in the macro `from_array` (in Nightly builds, run with -Z macro-backtrace for more info)
help: there is an enum variant `Instruction::PushBytes`; try using the variant's enum
    |
158 -                 impl AsRef<PushBytes> for [u8; $len] {
158 +                 impl AsRef<Instruction> for [u8; $len] {
    |
help: a struct with a similar name exists
    |
158 |                 impl AsRef<PushBytesBuf> for [u8; $len] {
    |                                     +++

error[E0425]: cannot find type `PushBytes` in this scope
   --> ../rust-bitcoin/bitcoin/src/blockdata/script/push_bytes.rs:159:42
    |
159 |                       fn as_ref(&self) -> &PushBytes {
    |                                            ^^^^^^^^^
...
186 | /     from_array! {
187 | |         0, 1, 2, 3, 4, 5, 6, 7, 8, 9, 10, 11, 12, 13, 14, 15, 16, 17,...
188 | |         25, 26, 27, 28, 29, 30, 31, 32, 33, 34, 35, 36, 37, 38, 39, 4...
189 | |         48, 49, 50, 51, 52, 53, 54, 55, 56, 57, 58, 59, 60, 61, 62, 6...
190 | |         71, 72, 73, 74, 75, 76
191 | |     }
    | |_____- in this macro invocation
...
195 |       pub struct PushBytesBuf(Vec<u8>);
    |       --------------------------------- similarly named struct `PushBytesBuf` defined here
    |
    = note: this error originates in the macro `from_array` (in Nightly builds, run with -Z macro-backtrace for more info)
help: there is an enum variant `Instruction::PushBytes`; try using the variant's enum
    |
159 -                     fn as_ref(&self) -> &PushBytes {
159 +                     fn as_ref(&self) -> &Instruction {
    |
help: a struct with a similar name exists
    |
159 |                     fn as_ref(&self) -> &PushBytesBuf {
    |                                                   +++

error[E0425]: cannot find type `PushBytes` in this scope
   --> ../rust-bitcoin/bitcoin/src/blockdata/script/push_bytes.rs:164:28
    |
164 |                   impl AsMut<PushBytes> for [u8; $len] {
    |                              ^^^^^^^^^
...
186 | /     from_array! {
187 | |         0, 1, 2, 3, 4, 5, 6, 7, 8, 9, 10, 11, 12, 13, 14, 15, 16, 17,...
188 | |         25, 26, 27, 28, 29, 30, 31, 32, 33, 34, 35, 36, 37, 38, 39, 4...
189 | |         48, 49, 50, 51, 52, 53, 54, 55, 56, 57, 58, 59, 60, 61, 62, 6...
190 | |         71, 72, 73, 74, 75, 76
191 | |     }
    | |_____- in this macro invocation
...
195 |       pub struct PushBytesBuf(Vec<u8>);
    |       --------------------------------- similarly named struct `PushBytesBuf` defined here
    |
    = note: this error originates in the macro `from_array` (in Nightly builds, run with -Z macro-backtrace for more info)
help: there is an enum variant `Instruction::PushBytes`; try using the variant's enum
    |
164 -                 impl AsMut<PushBytes> for [u8; $len] {
164 +                 impl AsMut<Instruction> for [u8; $len] {
    |
help: a struct with a similar name exists
    |
164 |                 impl AsMut<PushBytesBuf> for [u8; $len] {
    |                                     +++

error[E0425]: cannot find type `PushBytes` in this scope
   --> ../rust-bitcoin/bitcoin/src/blockdata/script/push_bytes.rs:165:50
    |
165 |                       fn as_mut(&mut self) -> &mut PushBytes {
    |                                                    ^^^^^^^^^
...
186 | /     from_array! {
187 | |         0, 1, 2, 3, 4, 5, 6, 7, 8, 9, 10, 11, 12, 13, 14, 15, 16, 17,...
188 | |         25, 26, 27, 28, 29, 30, 31, 32, 33, 34, 35, 36, 37, 38, 39, 4...
189 | |         48, 49, 50, 51, 52, 53, 54, 55, 56, 57, 58, 59, 60, 61, 62, 6...
190 | |         71, 72, 73, 74, 75, 76
191 | |     }
    | |_____- in this macro invocation
...
195 |       pub struct PushBytesBuf(Vec<u8>);
    |       --------------------------------- similarly named struct `PushBytesBuf` defined here
    |
    = note: this error originates in the macro `from_array` (in Nightly builds, run with -Z macro-backtrace for more info)
help: there is an enum variant `Instruction::PushBytes`; try using the variant's enum
    |
165 -                     fn as_mut(&mut self) -> &mut PushBytes {
165 +                     fn as_mut(&mut self) -> &mut Instruction {
    |
help: a struct with a similar name exists
    |
165 |                     fn as_mut(&mut self) -> &mut PushBytesBuf {
    |                                                           +++

error[E0425]: cannot find type `PushBytes` in this scope
   --> ../rust-bitcoin/bitcoin/src/blockdata/script/push_bytes.rs:253:41
    |
195 |     pub struct PushBytesBuf(Vec<u8>);
    |     --------------------------------- similarly named struct `PushBytesBuf` defined here
...
253 |         pub fn as_push_bytes(&self) -> &PushBytes {
    |                                         ^^^^^^^^^
    |
help: there is an enum variant `Instruction::PushBytes`; try using the variant's enum
    |
253 -         pub fn as_push_bytes(&self) -> &PushBytes {
253 +         pub fn as_push_bytes(&self) -> &Instruction {
    |
help: a struct with a similar name exists
    |
253 |         pub fn as_push_bytes(&self) -> &PushBytesBuf {
    |                                                  +++

error[E0425]: cannot find type `PushBytes` in this scope
   --> ../rust-bitcoin/bitcoin/src/blockdata/script/push_bytes.rs:259:53
    |
195 |     pub struct PushBytesBuf(Vec<u8>);
    |     --------------------------------- similarly named struct `PushBytesBuf` defined here
...
259 |         pub fn as_mut_push_bytes(&mut self) -> &mut PushBytes {
    |                                                     ^^^^^^^^^
    |
help: there is an enum variant `Instruction::PushBytes`; try using the variant's enum
    |
259 -         pub fn as_mut_push_bytes(&mut self) -> &mut PushBytes {
259 +         pub fn as_mut_push_bytes(&mut self) -> &mut Instruction {
    |
help: a struct with a similar name exists
    |
259 |         pub fn as_mut_push_bytes(&mut self) -> &mut PushBytesBuf {
    |                                                              +++

error[E0405]: cannot find trait `TryFrom` in this scope
   --> ../rust-bitcoin/bitcoin/src/blockdata/script/push_bytes.rs:272:10
    |
272 |     impl TryFrom<Vec<u8>> for PushBytesBuf {
    |          ^^^^^^^ not found in this scope
    |
    = note: 'std::convert::TryFrom' is included in the prelude starting in Edition 2021
help: consider importing this trait
    |
 20 +     use std::convert::TryFrom;
    |

error[E0425]: cannot find type `PushBytes` in this scope
   --> ../rust-bitcoin/bitcoin/src/blockdata/script/push_bytes.rs:282:22
    |
195 |     pub struct PushBytesBuf(Vec<u8>);
    |     --------------------------------- similarly named struct `PushBytesBuf` defined here
...
282 |     impl ToOwned for PushBytes {
    |                      ^^^^^^^^^
    |
help: there is an enum variant `Instruction::PushBytes`; try using the variant's enum
    |
282 -     impl ToOwned for PushBytes {
282 +     impl ToOwned for Instruction {
    |
help: a struct with a similar name exists
    |
282 |     impl ToOwned for PushBytesBuf {
    |                               +++

error[E0405]: cannot find trait `TryFrom` in this scope
  --> ../rust-bitcoin/bitcoin/src/blockdata/script/witness_version.rs:90:6
   |
90 | impl TryFrom<u8> for WitnessVersion {
   |      ^^^^^^^ not found in this scope
   |
   = note: 'std::convert::TryFrom' is included in the prelude starting in Edition 2021
help: consider importing this trait
   |
10 + use std::convert::TryFrom;
   |

error[E0405]: cannot find trait `TryFrom` in this scope
   --> ../rust-bitcoin/bitcoin/src/blockdata/script/witness_version.rs:119:6
    |
119 | impl TryFrom<Opcode> for WitnessVersion {
    |      ^^^^^^^ not found in this scope
    |
    = note: 'std::convert::TryFrom' is included in the prelude starting in Edition 2021
help: consider importing this trait
    |
 10 + use std::convert::TryFrom;
    |

error[E0405]: cannot find trait `TryFrom` in this scope
   --> ../rust-bitcoin/bitcoin/src/blockdata/script/witness_version.rs:132:6
    |
132 | impl TryFrom<Instruction<'_>> for WitnessVersion {
    |      ^^^^^^^ not found in this scope
    |
    = note: 'std::convert::TryFrom' is included in the prelude starting in Edition 2021
help: consider importing this trait
    |
 10 + use std::convert::TryFrom;
    |

error[E0433]: failed to resolve: use of unresolved module or unlinked crate `io`
   --> ../rust-bitcoin/bitcoin/src/blockdata/script/mod.rs:219:79
    |
219 | ...t<usize, io::Error> {
    |             ^^ use of unresolved module or unlinked crate `io`
    |
    = help: you might be missing a crate named `io`
help: a builtin type with a similar name exists
    |
219 -     fn consensus_encode<W: Write + ?Sized>(&self, w: &mut W) -> Result<usize, io::Error> {
219 +     fn consensus_encode<W: Write + ?Sized>(&self, w: &mut W) -> Result<usize, i8::Error> {
    |
help: consider importing this module
    |
 58 + use std::io;
    |

error[E0433]: failed to resolve: use of unresolved module or unlinked crate `io`
   --> ../rust-bitcoin/bitcoin/src/blockdata/script/mod.rs:226:79
    |
226 | ...t<usize, io::Error> {
    |             ^^ use of unresolved module or unlinked crate `io`
    |
    = help: you might be missing a crate named `io`
help: a builtin type with a similar name exists
    |
226 -     fn consensus_encode<W: Write + ?Sized>(&self, w: &mut W) -> Result<usize, io::Error> {
226 +     fn consensus_encode<W: Write + ?Sized>(&self, w: &mut W) -> Result<usize, i8::Error> {
    |
help: consider importing this module
    |
 58 + use std::io;
    |

error[E0599]: no variant named `Error` found for enum `witness_version::WitnessVersion`
   --> ../rust-bitcoin/bitcoin/src/blockdata/script/witness_version.rs:135:65
    |
 30 | pub enum WitnessVersion {
    | ----------------------- variant `Error` not found here
...
135 |     fn try_from(instruction: Instruction) -> Result<Self, Self::Error> {
    |                                                                 ^^^^^ variant not found in `witness_version::WitnessVersion`

error: aborting due to 109 previous errors

Some errors have detailed explanations: E0405, E0425, E0432, E0433, E0599.
For more information about an error, try `rustc --explain E0405`.
