error[E0433]: failed to resolve: use of unresolved module or unlinked crate `bitcoin`
 --> ../rust-bitcoin/fuzz/fuzz_targets/units/standard_checks.rs:1:5
  |
1 | use bitcoin::absolute::{Height, MedianTimePast};
  |     ^^^^^^^ use of unresolved module or unlinked crate `bitcoin`
  |
help: you might be missing a crate named `bitcoin`, add it to your project and import it in your code
  |
1 + extern crate bitcoin;
  |

error[E0433]: failed to resolve: use of unresolved module or unlinked crate `bitcoin`
 --> ../rust-bitcoin/fuzz/fuzz_targets/units/standard_checks.rs:2:5
  |
2 | use bitcoin::relative::{NumberOf512Seconds, NumberOfBlocks};
  |     ^^^^^^^ use of unresolved module or unlinked crate `bitcoin`
  |
help: you might be missing a crate named `bitcoin`, add it to your project and import it in your code
  |
1 + extern crate bitcoin;
  |

error[E0432]: unresolved import `bitcoin`
 --> ../rust-bitcoin/fuzz/fuzz_targets/units/standard_checks.rs:3:5
  |
3 | use bitcoin::{
  |     ^^^^^^^ use of unresolved module or unlinked crate `bitcoin`
  |
help: you might be missing a crate named `bitcoin`, add it to your project and import it in your code
  |
1 + extern crate bitcoin;
  |

error[E0432]: unresolved import `honggfuzz`
 --> ../rust-bitcoin/fuzz/fuzz_targets/units/standard_checks.rs:7:5
  |
7 | use honggfuzz::fuzz;
  |     ^^^^^^^^^ use of unresolved module or unlinked crate `honggfuzz`
  |
help: you might be missing a crate named `honggfuzz`, add it to your project and import it in your code
  |
1 + extern crate honggfuzz;
  |

error[E0432]: unresolved import `standard_test`
 --> ../rust-bitcoin/fuzz/fuzz_targets/units/standard_checks.rs:8:5
  |
8 | use standard_test::StandardChecks as _;
  |     ^^^^^^^^^^^^^ use of unresolved module or unlinked crate `standard_test`
  |
help: you might be missing a crate named `standard_test`, add it to your project and import it in your code
  |
1 + extern crate standard_test;
  |

error[E0432]: unresolved import `standard_test`
  --> ../rust-bitcoin/fuzz/fuzz_targets/units/standard_checks.rs:51:9
   |
51 |     use standard_test::standard_checks;
   |         ^^^^^^^^^^^^^ use of unresolved module or unlinked crate `standard_test`
   |
help: you might be missing a crate named `standard_test`, add it to your project and import it in your code
   |
 1 + extern crate standard_test;
   |

error[E0433]: failed to resolve: use of unresolved module or unlinked crate `arbitrary`
  --> ../rust-bitcoin/fuzz/fuzz_targets/units/standard_checks.rs:13:18
   |
13 |         impl<'a> arbitrary::Arbitrary<'a> for $ty {
   |                  ^^^^^^^^^ use of unresolved module or unlinked crate `arbitrary`
...
53 |     wrap_for_checks!(Amount);
   |     ------------------------ in this macro invocation
   |
   = help: you might be missing a crate named `arbitrary`
   = note: this error originates in the macro `_impl_traits_on_wrapper` which comes from the expansion of the macro `wrap_for_checks` (in Nightly builds, run with -Z macro-backtrace for more info)

error[E0433]: failed to resolve: use of unresolved module or unlinked crate `arbitrary`
  --> ../rust-bitcoin/fuzz/fuzz_targets/units/standard_checks.rs:14:34
   |
14 |             fn arbitrary(u: &mut arbitrary::Unstructured<'a>) -> arbitra...
   |                                  ^^^^^^^^^ use of unresolved module or unlinked crate `arbitrary`
...
53 |     wrap_for_checks!(Amount);
   |     ------------------------ in this macro invocation
   |
   = help: you might be missing a crate named `arbitrary`
   = note: this error originates in the macro `_impl_traits_on_wrapper` which comes from the expansion of the macro `wrap_for_checks` (in Nightly builds, run with -Z macro-backtrace for more info)

error[E0433]: failed to resolve: use of unresolved module or unlinked crate `arbitrary`
  --> ../rust-bitcoin/fuzz/fuzz_targets/units/standard_checks.rs:14:66
   |
14 |             fn arbitrary(u: &mut arbitrary::Unstructured<'a>) -> arbitrary::R...
   |                                                                  ^^^^^^^^^ use of unresolved module or unlinked crate `arbitrary`
...
53 |     wrap_for_checks!(Amount);
   |     ------------------------ in this macro invocation
   |
   = help: you might be missing a crate named `arbitrary`
   = note: this error originates in the macro `_impl_traits_on_wrapper` which comes from the expansion of the macro `wrap_for_checks` (in Nightly builds, run with -Z macro-backtrace for more info)

error[E0433]: failed to resolve: use of unresolved module or unlinked crate `arbitrary`
  --> ../rust-bitcoin/fuzz/fuzz_targets/units/standard_checks.rs:13:18
   |
13 |         impl<'a> arbitrary::Arbitrary<'a> for $ty {
   |                  ^^^^^^^^^ use of unresolved module or unlinked crate `arbitrary`
...
54 |     wrap_for_checks!(BlockHeightInterval);
   |     ------------------------------------- in this macro invocation
   |
   = help: you might be missing a crate named `arbitrary`
   = note: this error originates in the macro `_impl_traits_on_wrapper` which comes from the expansion of the macro `wrap_for_checks` (in Nightly builds, run with -Z macro-backtrace for more info)

error[E0433]: failed to resolve: use of unresolved module or unlinked crate `arbitrary`
  --> ../rust-bitcoin/fuzz/fuzz_targets/units/standard_checks.rs:14:34
   |
14 |             fn arbitrary(u: &mut arbitrary::Unstructured<'a>) -> arbitra...
   |                                  ^^^^^^^^^ use of unresolved module or unlinked crate `arbitrary`
...
54 |     wrap_for_checks!(BlockHeightInterval);
   |     ------------------------------------- in this macro invocation
   |
   = help: you might be missing a crate named `arbitrary`
   = note: this error originates in the macro `_impl_traits_on_wrapper` which comes from the expansion of the macro `wrap_for_checks` (in Nightly builds, run with -Z macro-backtrace for more info)

error[E0433]: failed to resolve: use of unresolved module or unlinked crate `arbitrary`
  --> ../rust-bitcoin/fuzz/fuzz_targets/units/standard_checks.rs:14:66
   |
14 |             fn arbitrary(u: &mut arbitrary::Unstructured<'a>) -> arbitrary::R...
   |                                                                  ^^^^^^^^^ use of unresolved module or unlinked crate `arbitrary`
...
54 |     wrap_for_checks!(BlockHeightInterval);
   |     ------------------------------------- in this macro invocation
   |
   = help: you might be missing a crate named `arbitrary`
   = note: this error originates in the macro `_impl_traits_on_wrapper` which comes from the expansion of the macro `wrap_for_checks` (in Nightly builds, run with -Z macro-backtrace for more info)

error[E0433]: failed to resolve: use of unresolved module or unlinked crate `arbitrary`
  --> ../rust-bitcoin/fuzz/fuzz_targets/units/standard_checks.rs:13:18
   |
13 |         impl<'a> arbitrary::Arbitrary<'a> for $ty {
   |                  ^^^^^^^^^ use of unresolved module or unlinked crate `arbitrary`
...
55 |     wrap_for_checks!(BlockMtpInterval);
   |     ---------------------------------- in this macro invocation
   |
   = help: you might be missing a crate named `arbitrary`
   = note: this error originates in the macro `_impl_traits_on_wrapper` which comes from the expansion of the macro `wrap_for_checks` (in Nightly builds, run with -Z macro-backtrace for more info)

error[E0433]: failed to resolve: use of unresolved module or unlinked crate `arbitrary`
  --> ../rust-bitcoin/fuzz/fuzz_targets/units/standard_checks.rs:14:34
   |
14 |             fn arbitrary(u: &mut arbitrary::Unstructured<'a>) -> arbitra...
   |                                  ^^^^^^^^^ use of unresolved module or unlinked crate `arbitrary`
...
55 |     wrap_for_checks!(BlockMtpInterval);
   |     ---------------------------------- in this macro invocation
   |
   = help: you might be missing a crate named `arbitrary`
   = note: this error originates in the macro `_impl_traits_on_wrapper` which comes from the expansion of the macro `wrap_for_checks` (in Nightly builds, run with -Z macro-backtrace for more info)

error[E0433]: failed to resolve: use of unresolved module or unlinked crate `arbitrary`
  --> ../rust-bitcoin/fuzz/fuzz_targets/units/standard_checks.rs:14:66
   |
14 |             fn arbitrary(u: &mut arbitrary::Unstructured<'a>) -> arbitrary::R...
   |                                                                  ^^^^^^^^^ use of unresolved module or unlinked crate `arbitrary`
...
55 |     wrap_for_checks!(BlockMtpInterval);
   |     ---------------------------------- in this macro invocation
   |
   = help: you might be missing a crate named `arbitrary`
   = note: this error originates in the macro `_impl_traits_on_wrapper` which comes from the expansion of the macro `wrap_for_checks` (in Nightly builds, run with -Z macro-backtrace for more info)

error[E0433]: failed to resolve: use of unresolved module or unlinked crate `arbitrary`
  --> ../rust-bitcoin/fuzz/fuzz_targets/units/standard_checks.rs:13:18
   |
13 |         impl<'a> arbitrary::Arbitrary<'a> for $ty {
   |                  ^^^^^^^^^ use of unresolved module or unlinked crate `arbitrary`
...
56 |     wrap_for_checks!(NumberOf512Seconds);
   |     ------------------------------------ in this macro invocation
   |
   = help: you might be missing a crate named `arbitrary`
   = note: this error originates in the macro `_impl_traits_on_wrapper` which comes from the expansion of the macro `wrap_for_checks` (in Nightly builds, run with -Z macro-backtrace for more info)

error[E0433]: failed to resolve: use of unresolved module or unlinked crate `arbitrary`
  --> ../rust-bitcoin/fuzz/fuzz_targets/units/standard_checks.rs:14:34
   |
14 |             fn arbitrary(u: &mut arbitrary::Unstructured<'a>) -> arbitra...
   |                                  ^^^^^^^^^ use of unresolved module or unlinked crate `arbitrary`
...
56 |     wrap_for_checks!(NumberOf512Seconds);
   |     ------------------------------------ in this macro invocation
   |
   = help: you might be missing a crate named `arbitrary`
   = note: this error originates in the macro `_impl_traits_on_wrapper` which comes from the expansion of the macro `wrap_for_checks` (in Nightly builds, run with -Z macro-backtrace for more info)

error[E0433]: failed to resolve: use of unresolved module or unlinked crate `arbitrary`
  --> ../rust-bitcoin/fuzz/fuzz_targets/units/standard_checks.rs:14:66
   |
14 |             fn arbitrary(u: &mut arbitrary::Unstructured<'a>) -> arbitrary::R...
   |                                                                  ^^^^^^^^^ use of unresolved module or unlinked crate `arbitrary`
...
56 |     wrap_for_checks!(NumberOf512Seconds);
   |     ------------------------------------ in this macro invocation
   |
   = help: you might be missing a crate named `arbitrary`
   = note: this error originates in the macro `_impl_traits_on_wrapper` which comes from the expansion of the macro `wrap_for_checks` (in Nightly builds, run with -Z macro-backtrace for more info)

error[E0433]: failed to resolve: use of unresolved module or unlinked crate `arbitrary`
  --> ../rust-bitcoin/fuzz/fuzz_targets/units/standard_checks.rs:13:18
   |
13 |         impl<'a> arbitrary::Arbitrary<'a> for $ty {
   |                  ^^^^^^^^^ use of unresolved module or unlinked crate `arbitrary`
...
57 |     wrap_for_checks!(NumberOfBlocks);
   |     -------------------------------- in this macro invocation
   |
   = help: you might be missing a crate named `arbitrary`
   = note: this error originates in the macro `_impl_traits_on_wrapper` which comes from the expansion of the macro `wrap_for_checks` (in Nightly builds, run with -Z macro-backtrace for more info)

error[E0433]: failed to resolve: use of unresolved module or unlinked crate `arbitrary`
  --> ../rust-bitcoin/fuzz/fuzz_targets/units/standard_checks.rs:14:34
   |
14 |             fn arbitrary(u: &mut arbitrary::Unstructured<'a>) -> arbitra...
   |                                  ^^^^^^^^^ use of unresolved module or unlinked crate `arbitrary`
...
57 |     wrap_for_checks!(NumberOfBlocks);
   |     -------------------------------- in this macro invocation
   |
   = help: you might be missing a crate named `arbitrary`
   = note: this error originates in the macro `_impl_traits_on_wrapper` which comes from the expansion of the macro `wrap_for_checks` (in Nightly builds, run with -Z macro-backtrace for more info)

error[E0433]: failed to resolve: use of unresolved module or unlinked crate `arbitrary`
  --> ../rust-bitcoin/fuzz/fuzz_targets/units/standard_checks.rs:14:66
   |
14 |             fn arbitrary(u: &mut arbitrary::Unstructured<'a>) -> arbitrary::R...
   |                                                                  ^^^^^^^^^ use of unresolved module or unlinked crate `arbitrary`
...
57 |     wrap_for_checks!(NumberOfBlocks);
   |     -------------------------------- in this macro invocation
   |
   = help: you might be missing a crate named `arbitrary`
   = note: this error originates in the macro `_impl_traits_on_wrapper` which comes from the expansion of the macro `wrap_for_checks` (in Nightly builds, run with -Z macro-backtrace for more info)

error[E0433]: failed to resolve: use of unresolved module or unlinked crate `arbitrary`
  --> ../rust-bitcoin/fuzz/fuzz_targets/units/standard_checks.rs:13:18
   |
13 |         impl<'a> arbitrary::Arbitrary<'a> for $ty {
   |                  ^^^^^^^^^ use of unresolved module or unlinked crate `arbitrary`
...
58 |     wrap_for_checks!(Sequence);
   |     -------------------------- in this macro invocation
   |
   = help: you might be missing a crate named `arbitrary`
   = note: this error originates in the macro `_impl_traits_on_wrapper` which comes from the expansion of the macro `wrap_for_checks` (in Nightly builds, run with -Z macro-backtrace for more info)

error[E0433]: failed to resolve: use of unresolved module or unlinked crate `arbitrary`
  --> ../rust-bitcoin/fuzz/fuzz_targets/units/standard_checks.rs:14:34
   |
14 |             fn arbitrary(u: &mut arbitrary::Unstructured<'a>) -> arbitra...
   |                                  ^^^^^^^^^ use of unresolved module or unlinked crate `arbitrary`
...
58 |     wrap_for_checks!(Sequence);
   |     -------------------------- in this macro invocation
   |
   = help: you might be missing a crate named `arbitrary`
   = note: this error originates in the macro `_impl_traits_on_wrapper` which comes from the expansion of the macro `wrap_for_checks` (in Nightly builds, run with -Z macro-backtrace for more info)

error[E0433]: failed to resolve: use of unresolved module or unlinked crate `arbitrary`
  --> ../rust-bitcoin/fuzz/fuzz_targets/units/standard_checks.rs:14:66
   |
14 |             fn arbitrary(u: &mut arbitrary::Unstructured<'a>) -> arbitrary::R...
   |                                                                  ^^^^^^^^^ use of unresolved module or unlinked crate `arbitrary`
...
58 |     wrap_for_checks!(Sequence);
   |     -------------------------- in this macro invocation
   |
   = help: you might be missing a crate named `arbitrary`
   = note: this error originates in the macro `_impl_traits_on_wrapper` which comes from the expansion of the macro `wrap_for_checks` (in Nightly builds, run with -Z macro-backtrace for more info)

error[E0433]: failed to resolve: use of unresolved module or unlinked crate `arbitrary`
  --> ../rust-bitcoin/fuzz/fuzz_targets/units/standard_checks.rs:13:18
   |
13 |         impl<'a> arbitrary::Arbitrary<'a> for $ty {
   |                  ^^^^^^^^^ use of unresolved module or unlinked crate `arbitrary`
...
59 |     wrap_for_checks!(SignedAmount);
   |     ------------------------------ in this macro invocation
   |
   = help: you might be missing a crate named `arbitrary`
   = note: this error originates in the macro `_impl_traits_on_wrapper` which comes from the expansion of the macro `wrap_for_checks` (in Nightly builds, run with -Z macro-backtrace for more info)

error[E0433]: failed to resolve: use of unresolved module or unlinked crate `arbitrary`
  --> ../rust-bitcoin/fuzz/fuzz_targets/units/standard_checks.rs:14:34
   |
14 |             fn arbitrary(u: &mut arbitrary::Unstructured<'a>) -> arbitra...
   |                                  ^^^^^^^^^ use of unresolved module or unlinked crate `arbitrary`
...
59 |     wrap_for_checks!(SignedAmount);
   |     ------------------------------ in this macro invocation
   |
   = help: you might be missing a crate named `arbitrary`
   = note: this error originates in the macro `_impl_traits_on_wrapper` which comes from the expansion of the macro `wrap_for_checks` (in Nightly builds, run with -Z macro-backtrace for more info)

error[E0433]: failed to resolve: use of unresolved module or unlinked crate `arbitrary`
  --> ../rust-bitcoin/fuzz/fuzz_targets/units/standard_checks.rs:14:66
   |
14 |             fn arbitrary(u: &mut arbitrary::Unstructured<'a>) -> arbitrary::R...
   |                                                                  ^^^^^^^^^ use of unresolved module or unlinked crate `arbitrary`
...
59 |     wrap_for_checks!(SignedAmount);
   |     ------------------------------ in this macro invocation
   |
   = help: you might be missing a crate named `arbitrary`
   = note: this error originates in the macro `_impl_traits_on_wrapper` which comes from the expansion of the macro `wrap_for_checks` (in Nightly builds, run with -Z macro-backtrace for more info)

error[E0433]: failed to resolve: use of unresolved module or unlinked crate `arbitrary`
  --> ../rust-bitcoin/fuzz/fuzz_targets/units/standard_checks.rs:13:18
   |
13 |         impl<'a> arbitrary::Arbitrary<'a> for $ty {
   |                  ^^^^^^^^^ use of unresolved module or unlinked crate `arbitrary`
...
62 |     wrap_for_checks!(BlockHeight, super::BlockHeight::MIN);
   |     ------------------------------------------------------ in this macro invocation
   |
   = help: you might be missing a crate named `arbitrary`
   = note: this error originates in the macro `_impl_traits_on_wrapper` which comes from the expansion of the macro `wrap_for_checks` (in Nightly builds, run with -Z macro-backtrace for more info)

error[E0433]: failed to resolve: use of unresolved module or unlinked crate `arbitrary`
  --> ../rust-bitcoin/fuzz/fuzz_targets/units/standard_checks.rs:14:34
   |
14 |             fn arbitrary(u: &mut arbitrary::Unstructured<'a>) -> arbitra...
   |                                  ^^^^^^^^^ use of unresolved module or unlinked crate `arbitrary`
...
62 |     wrap_for_checks!(BlockHeight, super::BlockHeight::MIN);
   |     ------------------------------------------------------ in this macro invocation
   |
   = help: you might be missing a crate named `arbitrary`
   = note: this error originates in the macro `_impl_traits_on_wrapper` which comes from the expansion of the macro `wrap_for_checks` (in Nightly builds, run with -Z macro-backtrace for more info)

error[E0433]: failed to resolve: use of unresolved module or unlinked crate `arbitrary`
  --> ../rust-bitcoin/fuzz/fuzz_targets/units/standard_checks.rs:14:66
   |
14 |             fn arbitrary(u: &mut arbitrary::Unstructured<'a>) -> arbitrary::R...
   |                                                                  ^^^^^^^^^ use of unresolved module or unlinked crate `arbitrary`
...
62 |     wrap_for_checks!(BlockHeight, super::BlockHeight::MIN);
   |     ------------------------------------------------------ in this macro invocation
   |
   = help: you might be missing a crate named `arbitrary`
   = note: this error originates in the macro `_impl_traits_on_wrapper` which comes from the expansion of the macro `wrap_for_checks` (in Nightly builds, run with -Z macro-backtrace for more info)

error[E0433]: failed to resolve: use of unresolved module or unlinked crate `arbitrary`
  --> ../rust-bitcoin/fuzz/fuzz_targets/units/standard_checks.rs:13:18
   |
13 |         impl<'a> arbitrary::Arbitrary<'a> for $ty {
   |                  ^^^^^^^^^ use of unresolved module or unlinked crate `arbitrary`
...
63 |     wrap_for_checks!(BlockMtp, super::BlockMtp::from_u32(1_742_979_600)); /...
   |     -------------------------------------------------------------------- in this macro invocation
   |
   = help: you might be missing a crate named `arbitrary`
   = note: this error originates in the macro `_impl_traits_on_wrapper` which comes from the expansion of the macro `wrap_for_checks` (in Nightly builds, run with -Z macro-backtrace for more info)

error[E0433]: failed to resolve: use of unresolved module or unlinked crate `arbitrary`
  --> ../rust-bitcoin/fuzz/fuzz_targets/units/standard_checks.rs:14:34
   |
14 |             fn arbitrary(u: &mut arbitrary::Unstructured<'a>) -> arbitrary:...
   |                                  ^^^^^^^^^ use of unresolved module or unlinked crate `arbitrary`
...
63 |     wrap_for_checks!(BlockMtp, super::BlockMtp::from_u32(1_742_979_600)); /...
   |     -------------------------------------------------------------------- in this macro invocation
   |
   = help: you might be missing a crate named `arbitrary`
   = note: this error originates in the macro `_impl_traits_on_wrapper` which comes from the expansion of the macro `wrap_for_checks` (in Nightly builds, run with -Z macro-backtrace for more info)

error[E0433]: failed to resolve: use of unresolved module or unlinked crate `arbitrary`
  --> ../rust-bitcoin/fuzz/fuzz_targets/units/standard_checks.rs:14:66
   |
14 |             fn arbitrary(u: &mut arbitrary::Unstructured<'a>) -> arbitrary::R...
   |                                                                  ^^^^^^^^^ use of unresolved module or unlinked crate `arbitrary`
...
63 |     wrap_for_checks!(BlockMtp, super::BlockMtp::from_u32(1_742_979_600)); // ...
   |     -------------------------------------------------------------------- in this macro invocation
   |
   = help: you might be missing a crate named `arbitrary`
   = note: this error originates in the macro `_impl_traits_on_wrapper` which comes from the expansion of the macro `wrap_for_checks` (in Nightly builds, run with -Z macro-backtrace for more info)

error[E0433]: failed to resolve: use of unresolved module or unlinked crate `arbitrary`
  --> ../rust-bitcoin/fuzz/fuzz_targets/units/standard_checks.rs:13:18
   |
13 |         impl<'a> arbitrary::Arbitrary<'a> for $ty {
   |                  ^^^^^^^^^ use of unresolved module or unlinked crate `arbitrary`
...
64 |     wrap_for_checks!(BlockTime, super::BlockTime::from(1_742_979_600)); /...
   |     ------------------------------------------------------------------ in this macro invocation
   |
   = help: you might be missing a crate named `arbitrary`
   = note: this error originates in the macro `_impl_traits_on_wrapper` which comes from the expansion of the macro `wrap_for_checks` (in Nightly builds, run with -Z macro-backtrace for more info)

error[E0433]: failed to resolve: use of unresolved module or unlinked crate `arbitrary`
  --> ../rust-bitcoin/fuzz/fuzz_targets/units/standard_checks.rs:14:34
   |
14 |             fn arbitrary(u: &mut arbitrary::Unstructured<'a>) -> arbitrar...
   |                                  ^^^^^^^^^ use of unresolved module or unlinked crate `arbitrary`
...
64 |     wrap_for_checks!(BlockTime, super::BlockTime::from(1_742_979_600)); /...
   |     ------------------------------------------------------------------ in this macro invocation
   |
   = help: you might be missing a crate named `arbitrary`
   = note: this error originates in the macro `_impl_traits_on_wrapper` which comes from the expansion of the macro `wrap_for_checks` (in Nightly builds, run with -Z macro-backtrace for more info)

error[E0433]: failed to resolve: use of unresolved module or unlinked crate `arbitrary`
  --> ../rust-bitcoin/fuzz/fuzz_targets/units/standard_checks.rs:14:66
   |
14 |             fn arbitrary(u: &mut arbitrary::Unstructured<'a>) -> arbitrary::R...
   |                                                                  ^^^^^^^^^ use of unresolved module or unlinked crate `arbitrary`
...
64 |     wrap_for_checks!(BlockTime, super::BlockTime::from(1_742_979_600)); // 26...
   |     ------------------------------------------------------------------ in this macro invocation
   |
   = help: you might be missing a crate named `arbitrary`
   = note: this error originates in the macro `_impl_traits_on_wrapper` which comes from the expansion of the macro `wrap_for_checks` (in Nightly builds, run with -Z macro-backtrace for more info)

error[E0433]: failed to resolve: use of unresolved module or unlinked crate `arbitrary`
  --> ../rust-bitcoin/fuzz/fuzz_targets/units/standard_checks.rs:13:18
   |
13 |         impl<'a> arbitrary::Arbitrary<'a> for $ty {
   |                  ^^^^^^^^^ use of unresolved module or unlinked crate `arbitrary`
...
65 |     wrap_for_checks!(FeeRate, super::FeeRate::BROADCAST_MIN);
   |     -------------------------------------------------------- in this macro invocation
   |
   = help: you might be missing a crate named `arbitrary`
   = note: this error originates in the macro `_impl_traits_on_wrapper` which comes from the expansion of the macro `wrap_for_checks` (in Nightly builds, run with -Z macro-backtrace for more info)

error[E0433]: failed to resolve: use of unresolved module or unlinked crate `arbitrary`
  --> ../rust-bitcoin/fuzz/fuzz_targets/units/standard_checks.rs:14:34
   |
14 |             fn arbitrary(u: &mut arbitrary::Unstructured<'a>) -> arbitra...
   |                                  ^^^^^^^^^ use of unresolved module or unlinked crate `arbitrary`
...
65 |     wrap_for_checks!(FeeRate, super::FeeRate::BROADCAST_MIN);
   |     -------------------------------------------------------- in this macro invocation
   |
   = help: you might be missing a crate named `arbitrary`
   = note: this error originates in the macro `_impl_traits_on_wrapper` which comes from the expansion of the macro `wrap_for_checks` (in Nightly builds, run with -Z macro-backtrace for more info)

error[E0433]: failed to resolve: use of unresolved module or unlinked crate `arbitrary`
  --> ../rust-bitcoin/fuzz/fuzz_targets/units/standard_checks.rs:14:66
   |
14 |             fn arbitrary(u: &mut arbitrary::Unstructured<'a>) -> arbitrary::R...
   |                                                                  ^^^^^^^^^ use of unresolved module or unlinked crate `arbitrary`
...
65 |     wrap_for_checks!(FeeRate, super::FeeRate::BROADCAST_MIN);
   |     -------------------------------------------------------- in this macro invocation
   |
   = help: you might be missing a crate named `arbitrary`
   = note: this error originates in the macro `_impl_traits_on_wrapper` which comes from the expansion of the macro `wrap_for_checks` (in Nightly builds, run with -Z macro-backtrace for more info)

error[E0433]: failed to resolve: use of unresolved module or unlinked crate `arbitrary`
  --> ../rust-bitcoin/fuzz/fuzz_targets/units/standard_checks.rs:13:18
   |
13 |         impl<'a> arbitrary::Arbitrary<'a> for $ty {
   |                  ^^^^^^^^^ use of unresolved module or unlinked crate `arbitrary`
...
66 |     wrap_for_checks!(Height, super::Height::MIN);
   |     -------------------------------------------- in this macro invocation
   |
   = help: you might be missing a crate named `arbitrary`
   = note: this error originates in the macro `_impl_traits_on_wrapper` which comes from the expansion of the macro `wrap_for_checks` (in Nightly builds, run with -Z macro-backtrace for more info)

error[E0433]: failed to resolve: use of unresolved module or unlinked crate `arbitrary`
  --> ../rust-bitcoin/fuzz/fuzz_targets/units/standard_checks.rs:14:34
   |
14 |             fn arbitrary(u: &mut arbitrary::Unstructured<'a>) -> arbitra...
   |                                  ^^^^^^^^^ use of unresolved module or unlinked crate `arbitrary`
...
66 |     wrap_for_checks!(Height, super::Height::MIN);
   |     -------------------------------------------- in this macro invocation
   |
   = help: you might be missing a crate named `arbitrary`
   = note: this error originates in the macro `_impl_traits_on_wrapper` which comes from the expansion of the macro `wrap_for_checks` (in Nightly builds, run with -Z macro-backtrace for more info)

error[E0433]: failed to resolve: use of unresolved module or unlinked crate `arbitrary`
  --> ../rust-bitcoin/fuzz/fuzz_targets/units/standard_checks.rs:14:66
   |
14 |             fn arbitrary(u: &mut arbitrary::Unstructured<'a>) -> arbitrary::R...
   |                                                                  ^^^^^^^^^ use of unresolved module or unlinked crate `arbitrary`
...
66 |     wrap_for_checks!(Height, super::Height::MIN);
   |     -------------------------------------------- in this macro invocation
   |
   = help: you might be missing a crate named `arbitrary`
   = note: this error originates in the macro `_impl_traits_on_wrapper` which comes from the expansion of the macro `wrap_for_checks` (in Nightly builds, run with -Z macro-backtrace for more info)

error[E0433]: failed to resolve: use of unresolved module or unlinked crate `arbitrary`
  --> ../rust-bitcoin/fuzz/fuzz_targets/units/standard_checks.rs:13:18
   |
13 |         impl<'a> arbitrary::Arbitrary<'a> for $ty {
   |                  ^^^^^^^^^ use of unresolved module or unlinked crate `arbitrary`
...
67 |     wrap_for_checks!(MedianTimePast, super::MedianTimePast::MIN);
   |     ------------------------------------------------------------ in this macro invocation
   |
   = help: you might be missing a crate named `arbitrary`
   = note: this error originates in the macro `_impl_traits_on_wrapper` which comes from the expansion of the macro `wrap_for_checks` (in Nightly builds, run with -Z macro-backtrace for more info)

error[E0433]: failed to resolve: use of unresolved module or unlinked crate `arbitrary`
  --> ../rust-bitcoin/fuzz/fuzz_targets/units/standard_checks.rs:14:34
   |
14 |             fn arbitrary(u: &mut arbitrary::Unstructured<'a>) -> arbitra...
   |                                  ^^^^^^^^^ use of unresolved module or unlinked crate `arbitrary`
...
67 |     wrap_for_checks!(MedianTimePast, super::MedianTimePast::MIN);
   |     ------------------------------------------------------------ in this macro invocation
   |
   = help: you might be missing a crate named `arbitrary`
   = note: this error originates in the macro `_impl_traits_on_wrapper` which comes from the expansion of the macro `wrap_for_checks` (in Nightly builds, run with -Z macro-backtrace for more info)

error[E0433]: failed to resolve: use of unresolved module or unlinked crate `arbitrary`
  --> ../rust-bitcoin/fuzz/fuzz_targets/units/standard_checks.rs:14:66
   |
14 |             fn arbitrary(u: &mut arbitrary::Unstructured<'a>) -> arbitrary::R...
   |                                                                  ^^^^^^^^^ use of unresolved module or unlinked crate `arbitrary`
...
67 |     wrap_for_checks!(MedianTimePast, super::MedianTimePast::MIN);
   |     ------------------------------------------------------------ in this macro invocation
   |
   = help: you might be missing a crate named `arbitrary`
   = note: this error originates in the macro `_impl_traits_on_wrapper` which comes from the expansion of the macro `wrap_for_checks` (in Nightly builds, run with -Z macro-backtrace for more info)

error[E0433]: failed to resolve: use of unresolved module or unlinked crate `arbitrary`
  --> ../rust-bitcoin/fuzz/fuzz_targets/units/standard_checks.rs:13:18
   |
13 |         impl<'a> arbitrary::Arbitrary<'a> for $ty {
   |                  ^^^^^^^^^ use of unresolved module or unlinked crate `arbitrary`
...
68 |     wrap_for_checks!(Weight, super::Weight::MIN_TRANSACTION);
   |     -------------------------------------------------------- in this macro invocation
   |
   = help: you might be missing a crate named `arbitrary`
   = note: this error originates in the macro `_impl_traits_on_wrapper` which comes from the expansion of the macro `wrap_for_checks` (in Nightly builds, run with -Z macro-backtrace for more info)

error[E0433]: failed to resolve: use of unresolved module or unlinked crate `arbitrary`
  --> ../rust-bitcoin/fuzz/fuzz_targets/units/standard_checks.rs:14:34
   |
14 |             fn arbitrary(u: &mut arbitrary::Unstructured<'a>) -> arbitra...
   |                                  ^^^^^^^^^ use of unresolved module or unlinked crate `arbitrary`
...
68 |     wrap_for_checks!(Weight, super::Weight::MIN_TRANSACTION);
   |     -------------------------------------------------------- in this macro invocation
   |
   = help: you might be missing a crate named `arbitrary`
   = note: this error originates in the macro `_impl_traits_on_wrapper` which comes from the expansion of the macro `wrap_for_checks` (in Nightly builds, run with -Z macro-backtrace for more info)

error[E0433]: failed to resolve: use of unresolved module or unlinked crate `arbitrary`
  --> ../rust-bitcoin/fuzz/fuzz_targets/units/standard_checks.rs:14:66
   |
14 |             fn arbitrary(u: &mut arbitrary::Unstructured<'a>) -> arbitrary::R...
   |                                                                  ^^^^^^^^^ use of unresolved module or unlinked crate `arbitrary`
...
68 |     wrap_for_checks!(Weight, super::Weight::MIN_TRANSACTION);
   |     -------------------------------------------------------- in this macro invocation
   |
   = help: you might be missing a crate named `arbitrary`
   = note: this error originates in the macro `_impl_traits_on_wrapper` which comes from the expansion of the macro `wrap_for_checks` (in Nightly builds, run with -Z macro-backtrace for more info)

error: aborting due to 48 previous errors

Some errors have detailed explanations: E0432, E0433.
For more information about an error, try `rustc --explain E0432`.
